2026-03-23T09:40:29.9773973Z,Updating submodules.,b488198e-17eb-4f9a-bc66-16a29c1327b6,0
2026-03-23T09:40:34.2366989Z,Preparing deployment for commit id '298fef49-4'.,3cf3fab7-263c-45f1-9885-6519d0a543b0,0
2026-03-23T09:40:36.3404305Z,PreDeployment: context.CleanOutputPath False,b02fe8f4-bdd6-4e81-8ef6-04d4bb81ce28,0
2026-03-23T09:40:37.0838275Z,PreDeployment: context.OutputPath /home/site/wwwroot,87baf855-676c-42a0-afda-db48262c9727,0
2026-03-23T09:40:37.8689258Z,Generating deployment script.,eacef1db-0dce-4efa-8e5e-8ec8c91b3f8c,0
2026-03-23T09:40:39.5170342Z,Running deployment command...,593bca1f-c4e1-4f1b-b29a-514a1e24152f,0
	2026-03-23T09:40:39.6237170Z,Command: /opt/Kudu/Scripts/parallel_rsync.sh /tmp/zipdeploy/extracted /home/site/wwwroot 8 /tmp/ False True  ,,0
	2026-03-23T09:40:42.3739609Z,Run rsync from: /tmp/zipdeploy/extracted/ to: /home/site/wwwroot/ in 8 parallel threads,,0
	2026-03-23T09:40:42.7984869Z,Delete options: clean=False&comma; use manifest=True&comma; directory to ignore=,,0
	2026-03-23T09:40:42.9763757Z,Prev manifest = /home/site/deployments/96d1b3a4-0f20-43b2-a65b-a52a0efcdd5e/manifest and next /home/site/deployments/298fef49-4863-4e4a-9b9c-5b0dbe8b9284/manifest,,0
	2026-03-23T09:40:43.4859706Z,Cleaning up /tmp//filelist.txt and /tmp//splits,,0
	2026-03-23T09:40:43.5662658Z,Creating a list of all files at /tmp//filelist.txt,,0
	2026-03-23T09:40:43.8645543Z,No directory to exclude.,,0
	2026-03-23T09:40:44.3261834Z,Created /tmp//filelist.txt. Total number of files to be synced = 43.,,0
	2026-03-23T09:40:44.4327282Z,Created batches from the list of files. Processing 6 files in each thread,,0
	2026-03-23T09:40:44.9388587Z,Running rsync for filelist /tmp//splits/split.aa from /tmp/zipdeploy/extracted/ to /home/site/wwwroot/,,0
	2026-03-23T09:40:45.4085892Z,Running rsync for filelist /tmp//splits/split.ac from /tmp/zipdeploy/extracted/ to /home/site/wwwroot/,,0
	2026-03-23T09:40:45.6027826Z,Running rsync for filelist /tmp//splits/split.ab from /tmp/zipdeploy/extracted/ to /home/site/wwwroot/,,0
	2026-03-23T09:40:45.7633520Z,Running rsync for filelist /tmp//splits/split.ae from /tmp/zipdeploy/extracted/ to /home/site/wwwroot/,,0
	2026-03-23T09:40:46.3470042Z,Running rsync for filelist /tmp//splits/split.ad from /tmp/zipdeploy/extracted/ to /home/site/wwwroot/,,0
	2026-03-23T09:40:46.6566717Z,Running rsync for filelist /tmp//splits/split.af from /tmp/zipdeploy/extracted/ to /home/site/wwwroot/,,0
	2026-03-23T09:40:46.8168648Z,Running rsync for filelist /tmp//splits/split.ag from /tmp/zipdeploy/extracted/ to /home/site/wwwroot/,,0
	2026-03-23T09:40:47.3577531Z,Running rsync for filelist /tmp//splits/split.ah from /tmp/zipdeploy/extracted/ to /home/site/wwwroot/,,0
	2026-03-23T09:40:47.6377400Z,,,0
	2026-03-23T09:40:47.8279420Z,Number of files: 7 (reg: 6&comma; dir: 1),,0
	2026-03-23T09:40:47.9012625Z,Number of created files: 0,,0
	2026-03-23T09:40:48.1621067Z,Number of deleted files: 0,,0
	2026-03-23T09:40:48.2571471Z,Number of regular files transferred: 0,,0
	2026-03-23T09:40:48.5058200Z,Total file size: 2.69M bytes,,0
	2026-03-23T09:40:48.7538327Z,Total transferred file size: 0 bytes,,0
	2026-03-23T09:40:48.9385689Z,Literal data: 0 bytes,,0
	2026-03-23T09:40:49.0079961Z,Matched data: 0 bytes,,0
	2026-03-23T09:40:49.1578018Z,File list size: 0,,0
	2026-03-23T09:40:49.2279282Z,File list generation time: 0.009 seconds,,0
	2026-03-23T09:40:49.3102492Z,File list transfer time: 0.000 seconds,,0
	2026-03-23T09:40:49.4181067Z,Total bytes sent: 371,,0
	2026-03-23T09:40:49.4933105Z,Total bytes received: 37,,0
	2026-03-23T09:40:49.5246934Z,,,0
	2026-03-23T09:40:49.5520400Z,sent 371 bytes  received 37 bytes  163.20 bytes/sec,,0
	2026-03-23T09:40:49.7419813Z,total size is 2.69M  speedup is 6&comma;594.51,,0
	2026-03-23T09:40:49.7825244Z,Attempt 1: Rsync for filelist /tmp//splits/split.ab completed with exit code 0,,0
	2026-03-23T09:40:49.8539520Z,,,0
	2026-03-23T09:40:49.9245598Z,Number of files: 7 (reg: 6&comma; dir: 1),,0
	2026-03-23T09:40:50.2157218Z,Number of created files: 0,,0
	2026-03-23T09:40:50.3570616Z,Number of deleted files: 0,,0
	2026-03-23T09:40:50.4384106Z,Number of regular files transferred: 0,,0
	2026-03-23T09:40:50.5769985Z,Total file size: 10.73K bytes,,0
	2026-03-23T09:40:50.6399522Z,Total transferred file size: 0 bytes,,0
	2026-03-23T09:40:50.7283018Z,Literal data: 0 bytes,,0
	2026-03-23T09:40:50.7684697Z,Matched data: 0 bytes,,0
	2026-03-23T09:40:50.9395226Z,File list size: 0,,0
	2026-03-23T09:40:51.0014603Z,File list generation time: 0.001 seconds,,0
	2026-03-23T09:40:51.2345594Z,File list transfer time: 0.000 seconds,,0
	2026-03-23T09:40:51.2744129Z,Total bytes sent: 353,,0
	2026-03-23T09:40:51.3601948Z,Total bytes received: 37,,0
	2026-03-23T09:40:51.4665264Z,,,0
	2026-03-23T09:40:51.5047600Z,sent 353 bytes  received 37 bytes  260.00 bytes/sec,,0
	2026-03-23T09:40:51.5438125Z,total size is 10.73K  speedup is 27.51,,0
	2026-03-23T09:40:51.6604374Z,Attempt 1: Rsync for filelist /tmp//splits/split.af completed with exit code 0,,0
	2026-03-23T09:40:51.7009269Z,,,0
	2026-03-23T09:40:51.8165456Z,Number of files: 8 (reg: 6&comma; dir: 2),,0
	2026-03-23T09:40:51.9250044Z,Number of created files: 0,,0
	2026-03-23T09:40:52.0146241Z,Number of deleted files: 0,,0
	2026-03-23T09:40:52.2571170Z,Number of regular files transferred: 1,,0
	2026-03-23T09:40:52.4284401Z,Total file size: 2.33K bytes,,0
	2026-03-23T09:40:52.6197130Z,Total transferred file size: 995 bytes,,0
	2026-03-23T09:40:52.8503969Z,Literal data: 995 bytes,,0
	2026-03-23T09:40:52.9711351Z,Matched data: 0 bytes,,0
	2026-03-23T09:40:53.3891186Z,File list size: 0,,0
	2026-03-23T09:40:53.5282097Z,File list generation time: 0.001 seconds,,0
	2026-03-23T09:40:53.6245476Z,File list transfer time: 0.000 seconds,,0
	2026-03-23T09:40:54.0531370Z,Total bytes sent: 884,,0
	2026-03-23T09:40:54.3939567Z,Total bytes received: 56,,0
	2026-03-23T09:40:54.4448408Z,,,0
	2026-03-23T09:40:54.5336638Z,sent 884 bytes  received 56 bytes  376.00 bytes/sec,,0
	2026-03-23T09:40:54.5754406Z,total size is 2.33K  speedup is 2.47,,0
	2026-03-23T09:40:54.6642030Z,,,0
	2026-03-23T09:40:54.8662022Z,Number of files: 7 (reg: 6&comma; dir: 1),,0
	2026-03-23T09:40:54.9634789Z,Number of created files: 0,,0
	2026-03-23T09:40:55.2083874Z,Number of deleted files: 0,,0
	2026-03-23T09:40:55.3826068Z,Number of regular files transferred: 0,,0
	2026-03-23T09:40:55.6469409Z,Total file size: 3.87M bytes,,0
	2026-03-23T09:40:55.8499230Z,Total transferred file size: 0 bytes,,0
	2026-03-23T09:40:56.3448760Z,Literal data: 0 bytes,,0
	2026-03-23T09:40:56.7599848Z,Matched data: 0 bytes,,0
	2026-03-23T09:40:57.2841903Z,File list size: 0,,0
	2026-03-23T09:40:57.5115418Z,File list generation time: 0.001 seconds,,0
	2026-03-23T09:40:58.1556224Z,File list transfer time: 0.000 seconds,,0
	2026-03-23T09:40:59.4886882Z,Total bytes sent: 412,,0
	2026-03-23T09:40:59.8848662Z,Total bytes received: 37,,0
	2026-03-23T09:41:00.6159862Z,,,0
	2026-03-23T09:41:01.1570171Z,sent 412 bytes  received 37 bytes  179.60 bytes/sec,,0
	2026-03-23T09:41:01.3476471Z,total size is 3.87M  speedup is 8&comma;623.82,,0
	2026-03-23T09:41:01.7791319Z,Attempt 1: Rsync for filelist /tmp//splits/split.aa completed with exit code 0,,0
	2026-03-23T09:41:02.4954138Z,Attempt 1: Rsync for filelist /tmp//splits/split.ae completed with exit code 0,,0
	2026-03-23T09:41:03.4771979Z,,,0
	2026-03-23T09:41:04.2571605Z,Number of files: 1 (reg: 1),,0
	2026-03-23T09:41:04.5654243Z,Number of created files: 0,,0
	2026-03-23T09:41:04.8981735Z,Number of deleted files: 0,,0
	2026-03-23T09:41:05.0369269Z,Number of regular files transferred: 0,,0
	2026-03-23T09:41:05.4005557Z,Total file size: 292 bytes,,0
	2026-03-23T09:41:05.9172776Z,Total transferred file size: 0 bytes,,0
	2026-03-23T09:41:06.0869618Z,Literal data: 0 bytes,,0
	2026-03-23T09:41:06.3398028Z,Matched data: 0 bytes,,0
	2026-03-23T09:41:06.4684048Z,File list size: 0,,0
	2026-03-23T09:41:06.7271842Z,File list generation time: 0.001 seconds,,0
	2026-03-23T09:41:06.9011162Z,File list transfer time: 0.000 seconds,,0
	2026-03-23T09:41:07.2675891Z,Total bytes sent: 117,,0
	2026-03-23T09:41:07.4653430Z,Total bytes received: 19,,0
	2026-03-23T09:41:07.8760396Z,,,0
	2026-03-23T09:41:08.0344313Z,sent 117 bytes  received 19 bytes  90.67 bytes/sec,,0
	2026-03-23T09:41:08.4182369Z,total size is 292  speedup is 2.15,,0
	2026-03-23T09:41:08.5560146Z,Attempt 1: Rsync for filelist /tmp//splits/split.ah completed with exit code 0,,0
	2026-03-23T09:41:08.6564464Z,,,0
	2026-03-23T09:41:08.8010174Z,Number of files: 7 (reg: 6&comma; dir: 1),,0
	2026-03-23T09:41:09.0413642Z,Number of created files: 0,,0
	2026-03-23T09:41:09.1130859Z,Number of deleted files: 0,,0
	2026-03-23T09:41:09.2589784Z,Number of regular files transferred: 0,,0
	2026-03-23T09:41:09.6113211Z,Total file size: 2.27M bytes,,0
	2026-03-23T09:41:09.9118220Z,Total transferred file size: 0 bytes,,0
	2026-03-23T09:41:10.6278464Z,Literal data: 0 bytes,,0
	2026-03-23T09:41:10.7603961Z,Matched data: 0 bytes,,0
	2026-03-23T09:41:10.8774642Z,File list size: 0,,0
	2026-03-23T09:41:10.9611468Z,File list generation time: 0.020 seconds,,0
	2026-03-23T09:41:11.0794646Z,File list transfer time: 0.000 seconds,,0
	2026-03-23T09:41:11.1512985Z,Total bytes sent: 325,,0
	2026-03-23T09:41:11.3724040Z,Total bytes received: 37,,0
	2026-03-23T09:41:11.4804924Z,,,0
	2026-03-23T09:41:11.5008441Z,sent 325 bytes  received 37 bytes  144.80 bytes/sec,,0
	2026-03-23T09:41:11.5909081Z,total size is 2.27M  speedup is 6&comma;263.86,,0
	2026-03-23T09:41:11.8510321Z,Attempt 1: Rsync for filelist /tmp//splits/split.ad completed with exit code 0,,0
	2026-03-23T09:41:12.2413454Z,,,0
	2026-03-23T09:41:12.3721583Z,Number of files: 10 (reg: 6&comma; dir: 4),,0
	2026-03-23T09:41:12.4965409Z,Number of created files: 2 (reg: 1&comma; dir: 1),,0
	2026-03-23T09:41:12.5630820Z,Number of deleted files: 0,,0
	2026-03-23T09:41:12.6518532Z,Number of regular files transferred: 1,,0
	2026-03-23T09:41:12.7496428Z,Total file size: 4.66K bytes,,0
	2026-03-23T09:41:12.8354089Z,Total transferred file size: 112 bytes,,0
	2026-03-23T09:41:13.0442286Z,Literal data: 112 bytes,,0
	2026-03-23T09:41:13.2112242Z,Matched data: 0 bytes,,0
	2026-03-23T09:41:13.3481611Z,File list size: 0,,0
	2026-03-23T09:41:14.1874205Z,File list generation time: 0.001 seconds,,0
	2026-03-23T09:41:14.6545449Z,File list transfer time: 0.000 seconds,,0
	2026-03-23T09:41:14.8149260Z,Total bytes sent: 538,,0
	2026-03-23T09:41:15.0157268Z,Total bytes received: 62,,0
	2026-03-23T09:41:15.2885647Z,,,0
	2026-03-23T09:41:15.6316319Z,sent 538 bytes  received 62 bytes  240.00 bytes/sec,,0
	2026-03-23T09:41:15.7276020Z,total size is 4.66K  speedup is 7.76,,0
	2026-03-23T09:41:15.8376786Z,Attempt 1: Rsync for filelist /tmp//splits/split.ag completed with exit code 0,,0
	2026-03-23T09:41:16.1888471Z,,,0
	2026-03-23T09:41:16.2766013Z,Number of files: 7 (reg: 6&comma; dir: 1),,0
	2026-03-23T09:41:16.3846780Z,Number of created files: 0,,0
	2026-03-23T09:41:16.4725626Z,Number of deleted files: 0,,0
	2026-03-23T09:41:16.7622996Z,Number of regular files transferred: 0,,0
	2026-03-23T09:41:17.0677877Z,Total file size: 1.09M bytes,,0
	2026-03-23T09:41:17.2777630Z,Total transferred file size: 0 bytes,,0
	2026-03-23T09:41:17.6364976Z,Literal data: 0 bytes,,0
	2026-03-23T09:41:17.7592728Z,Matched data: 0 bytes,,0
	2026-03-23T09:41:17.8702646Z,File list size: 0,,0
	2026-03-23T09:41:18.3415734Z,File list generation time: 0.310 seconds,,0
	2026-03-23T09:41:19.4499799Z,File list transfer time: 0.000 seconds,,0
	2026-03-23T09:41:19.8479033Z,Total bytes sent: 405,,0
	2026-03-23T09:41:20.3589255Z,Total bytes received: 37,,0
	2026-03-23T09:41:21.2418136Z,,,0
	2026-03-23T09:41:21.3440027Z,sent 405 bytes  received 37 bytes  176.80 bytes/sec,,0
	2026-03-23T09:41:21.4046944Z,total size is 1.09M  speedup is 2&comma;466.12,,0
	2026-03-23T09:41:21.5218085Z,Attempt 1: Rsync for filelist /tmp//splits/split.ac completed with exit code 0,,0
	2026-03-23T09:41:21.6325783Z,Deleting files not present in /tmp/zipdeploy/extracted/ from /home/site/wwwroot/ based on manifest file /home/site/deployments/96d1b3a4-0f20-43b2-a65b-a52a0efcdd5e/manifest,,0
	2026-03-23T09:41:21.8979600Z,Number of files deleted: 0. See /tmp//rsync_deletion_logs.txt for more details.,,0
	2026-03-23T09:41:22.1804044Z,create new manifest file at /home/site/deployments/298fef49-4863-4e4a-9b9c-5b0dbe8b9284/manifest,,0
	2026-03-23T09:41:22.2526897Z,Completed successfully in 8 seconds,,0
2026-03-23T09:41:23.2468831Z,Running post deployment command(s)...,d66dffab-6207-423e-bb73-76e1a2070bef,0
2026-03-23T09:41:23.8289986Z,Triggering recycle (preview mode disabled).,e58c1507-e38b-4117-9af6-221f751f2d68,0
2026-03-23T09:41:24.8889866Z,Deployment successful. deployer = Push-Deployer deploymentPath = ZipDeploy. Extract zip.,d5dca045-e289-426c-b55e-355abe8dc150,0
