2026-03-23T09:44:52.8978355Z,Updating submodules.,eb368d4a-b1a4-4666-b2a8-f2ab0d2a333e,0
2026-03-23T09:44:54.2266595Z,Preparing deployment for commit id 'b671a348-0'.,e7225bc4-8c1e-4a72-a7c2-9895ba07927a,0
2026-03-23T09:44:55.3215962Z,PreDeployment: context.CleanOutputPath False,44c8fb33-9777-46ca-8fed-c7f13fa9ec37,0
2026-03-23T09:44:56.2285362Z,PreDeployment: context.OutputPath /home/site/wwwroot,82f83a39-5751-41af-b8e5-89caf0bd2ebe,0
2026-03-23T09:44:56.5992530Z,Generating deployment script.,6b67fa31-fd46-47bf-9645-43460cc708ae,0
2026-03-23T09:44:56.8765229Z,Running deployment command...,04355bd2-c428-4252-98bc-c85603fd261f,0
	2026-03-23T09:44:56.8874419Z,Command: /opt/Kudu/Scripts/parallel_rsync.sh /tmp/zipdeploy/extracted /home/site/wwwroot 8 /tmp/ False True  ,,0
	2026-03-23T09:44:57.2740493Z,Run rsync from: /tmp/zipdeploy/extracted/ to: /home/site/wwwroot/ in 8 parallel threads,,0
	2026-03-23T09:44:57.4802314Z,Delete options: clean=False&comma; use manifest=True&comma; directory to ignore=,,0
	2026-03-23T09:44:57.5201760Z,Prev manifest = /home/site/deployments/298fef49-4863-4e4a-9b9c-5b0dbe8b9284/manifest and next /home/site/deployments/b671a348-0abe-473c-97d2-a1e7d118155a/manifest,,0
	2026-03-23T09:44:57.5687904Z,Cleaning up /tmp//filelist.txt and /tmp//splits,,0
	2026-03-23T09:44:57.7006805Z,Creating a list of all files at /tmp//filelist.txt,,0
	2026-03-23T09:44:57.8030098Z,No directory to exclude.,,0
	2026-03-23T09:44:58.1338039Z,Created /tmp//filelist.txt. Total number of files to be synced = 50.,,0
	2026-03-23T09:44:58.1824048Z,Created batches from the list of files. Processing 7 files in each thread,,0
	2026-03-23T09:44:58.2545443Z,Running rsync for filelist /tmp//splits/split.aa from /tmp/zipdeploy/extracted/ to /home/site/wwwroot/,,0
	2026-03-23T09:44:58.3524489Z,Running rsync for filelist /tmp//splits/split.ab from /tmp/zipdeploy/extracted/ to /home/site/wwwroot/,,0
	2026-03-23T09:44:58.5701778Z,Running rsync for filelist /tmp//splits/split.ac from /tmp/zipdeploy/extracted/ to /home/site/wwwroot/,,0
	2026-03-23T09:44:58.9314934Z,Running rsync for filelist /tmp//splits/split.ad from /tmp/zipdeploy/extracted/ to /home/site/wwwroot/,,0
	2026-03-23T09:44:59.0020089Z,Running rsync for filelist /tmp//splits/split.af from /tmp/zipdeploy/extracted/ to /home/site/wwwroot/,,0
	2026-03-23T09:44:59.3013196Z,Running rsync for filelist /tmp//splits/split.ag from /tmp/zipdeploy/extracted/ to /home/site/wwwroot/,,0
	2026-03-23T09:44:59.3509304Z,Running rsync for filelist /tmp//splits/split.ae from /tmp/zipdeploy/extracted/ to /home/site/wwwroot/,,0
	2026-03-23T09:44:59.5440523Z,Running rsync for filelist /tmp//splits/split.ah from /tmp/zipdeploy/extracted/ to /home/site/wwwroot/,,0
	2026-03-23T09:44:59.5823836Z,,,0
	2026-03-23T09:44:59.6685969Z,Number of files: 1 (reg: 1),,0
	2026-03-23T09:44:59.7192098Z,Number of created files: 0,,0
	2026-03-23T09:44:59.8260441Z,Number of deleted files: 0,,0
	2026-03-23T09:44:59.9115332Z,Number of regular files transferred: 0,,0
	2026-03-23T09:45:00.0621791Z,Total file size: 292 bytes,,0
	2026-03-23T09:45:00.1984126Z,Total transferred file size: 0 bytes,,0
	2026-03-23T09:45:00.2781700Z,Literal data: 0 bytes,,0
	2026-03-23T09:45:00.4559043Z,Matched data: 0 bytes,,0
	2026-03-23T09:45:00.5453115Z,File list size: 0,,0
	2026-03-23T09:45:00.6142096Z,File list generation time: 0.001 seconds,,0
	2026-03-23T09:45:00.6526840Z,File list transfer time: 0.000 seconds,,0
	2026-03-23T09:45:00.7522798Z,Total bytes sent: 117,,0
	2026-03-23T09:45:00.8242893Z,Total bytes received: 19,,0
	2026-03-23T09:45:00.9598327Z,,,0
	2026-03-23T09:45:01.0022095Z,sent 117 bytes  received 19 bytes  272.00 bytes/sec,,0
	2026-03-23T09:45:01.0467661Z,total size is 292  speedup is 2.15,,0
	2026-03-23T09:45:01.0860151Z,Attempt 1: Rsync for filelist /tmp//splits/split.ah completed with exit code 0,,0
	2026-03-23T09:45:01.1364062Z,,,0
	2026-03-23T09:45:01.2670427Z,Number of files: 8 (reg: 7&comma; dir: 1),,0
	2026-03-23T09:45:01.3560366Z,Number of created files: 0,,0
	2026-03-23T09:45:01.5385937Z,Number of deleted files: 0,,0
	2026-03-23T09:45:01.6192076Z,Number of regular files transferred: 0,,0
	2026-03-23T09:45:02.1969084Z,Total file size: 3.90M bytes,,0
	2026-03-23T09:45:02.8677964Z,Total transferred file size: 0 bytes,,0
	2026-03-23T09:45:02.9943441Z,Literal data: 0 bytes,,0
	2026-03-23T09:45:03.0902439Z,Matched data: 0 bytes,,0
	2026-03-23T09:45:03.4254587Z,File list size: 0,,0
	2026-03-23T09:45:03.5833454Z,File list generation time: 0.001 seconds,,0
	2026-03-23T09:45:04.0902174Z,File list transfer time: 0.000 seconds,,0
	2026-03-23T09:45:04.1428007Z,Total bytes sent: 444,,0
	2026-03-23T09:45:04.2140764Z,Total bytes received: 40,,0
	2026-03-23T09:45:04.2785459Z,,,0
	2026-03-23T09:45:04.3273945Z,sent 444 bytes  received 40 bytes  322.67 bytes/sec,,0
	2026-03-23T09:45:04.3660412Z,total size is 3.90M  speedup is 8&comma;061.64,,0
	2026-03-23T09:45:04.4078881Z,Attempt 1: Rsync for filelist /tmp//splits/split.ab completed with exit code 0,,0
	2026-03-23T09:45:04.5684377Z,,,0
	2026-03-23T09:45:04.6368728Z,Number of files: 8 (reg: 7&comma; dir: 1),,0
	2026-03-23T09:45:04.6969621Z,Number of created files: 0,,0
	2026-03-23T09:45:04.7724878Z,Number of deleted files: 0,,0
	2026-03-23T09:45:04.8434320Z,Number of regular files transferred: 1,,0
	2026-03-23T09:45:04.8952716Z,Total file size: 3.57M bytes,,0
	2026-03-23T09:45:04.9756747Z,Total transferred file size: 26.62K bytes,,0
	2026-03-23T09:45:05.0163820Z,Literal data: 26.62K bytes,,0
	2026-03-23T09:45:05.0574089Z,Matched data: 0 bytes,,0
	2026-03-23T09:45:05.1058220Z,File list size: 0,,0
	2026-03-23T09:45:05.1260380Z,File list generation time: 0.189 seconds,,0
	2026-03-23T09:45:05.2052452Z,File list transfer time: 0.000 seconds,,0
	2026-03-23T09:45:05.2348740Z,Total bytes sent: 14.78K,,0
	2026-03-23T09:45:05.2762089Z,Total bytes received: 56,,0
	2026-03-23T09:45:05.3069488Z,,,0
	2026-03-23T09:45:05.3954779Z,sent 14.78K bytes  received 56 bytes  9.89K bytes/sec,,0
	2026-03-23T09:45:05.4652840Z,total size is 3.57M  speedup is 240.84,,0
	2026-03-23T09:45:05.5060748Z,Attempt 1: Rsync for filelist /tmp//splits/split.ac completed with exit code 0,,0
	2026-03-23T09:45:05.5376954Z,,,0
	2026-03-23T09:45:05.5676147Z,Number of files: 9 (reg: 7&comma; dir: 2),,0
	2026-03-23T09:45:05.5987711Z,Number of created files: 0,,0
	2026-03-23T09:45:05.6185300Z,Number of deleted files: 0,,0
	2026-03-23T09:45:05.6385369Z,Number of regular files transferred: 0,,0
	2026-03-23T09:45:05.6663099Z,Total file size: 11.08K bytes,,0
	2026-03-23T09:45:05.7354507Z,Total transferred file size: 0 bytes,,0
	2026-03-23T09:45:05.7564651Z,Literal data: 0 bytes,,0
	2026-03-23T09:45:05.7870052Z,Matched data: 0 bytes,,0
	2026-03-23T09:45:05.8219218Z,File list size: 0,,0
	2026-03-23T09:45:05.9903151Z,File list generation time: 0.001 seconds,,0
	2026-03-23T09:45:06.0210968Z,File list transfer time: 0.000 seconds,,0
	2026-03-23T09:45:06.0598783Z,Total bytes sent: 411,,0
	2026-03-23T09:45:06.2264145Z,Total bytes received: 43,,0
	2026-03-23T09:45:06.2890475Z,,,0
	2026-03-23T09:45:06.4366485Z,sent 411 bytes  received 43 bytes  302.67 bytes/sec,,0
	2026-03-23T09:45:06.5382891Z,total size is 11.08K  speedup is 24.41,,0
	2026-03-23T09:45:06.6589091Z,Attempt 1: Rsync for filelist /tmp//splits/split.af completed with exit code 0,,0
	2026-03-23T09:45:06.7688147Z,,,0
	2026-03-23T09:45:06.9487730Z,Number of files: 8 (reg: 7&comma; dir: 1),,0
	2026-03-23T09:45:07.5183125Z,Number of created files: 0,,0
	2026-03-23T09:45:07.6209202Z,Number of deleted files: 0,,0
	2026-03-23T09:45:07.6324772Z,Number of regular files transferred: 2,,0
	2026-03-23T09:45:07.7348566Z,Total file size: 236.38K bytes,,0
	2026-03-23T09:45:08.0987709Z,Total transferred file size: 29.68K bytes,,0
	2026-03-23T09:45:08.1808578Z,Literal data: 29.68K bytes,,0
	2026-03-23T09:45:08.2958830Z,Matched data: 0 bytes,,0
	2026-03-23T09:45:08.3997250Z,File list size: 0,,0
	2026-03-23T09:45:08.4934447Z,File list generation time: 0.001 seconds,,0
	2026-03-23T09:45:08.6164902Z,File list transfer time: 0.000 seconds,,0
	2026-03-23T09:45:08.9038823Z,Total bytes sent: 12.88K,,0
	2026-03-23T09:45:08.9464801Z,Total bytes received: 72,,0
	2026-03-23T09:45:09.0328028Z,,,0
	2026-03-23T09:45:09.0639129Z,sent 12.88K bytes  received 72 bytes  8.63K bytes/sec,,0
	2026-03-23T09:45:09.0829568Z,total size is 236.38K  speedup is 18.25,,0
	2026-03-23T09:45:09.1394878Z,Attempt 1: Rsync for filelist /tmp//splits/split.ad completed with exit code 0,,0
	2026-03-23T09:45:09.2016084Z,,,0
	2026-03-23T09:45:09.2403532Z,Number of files: 8 (reg: 7&comma; dir: 1),,0
	2026-03-23T09:45:09.2823832Z,Number of created files: 0,,0
	2026-03-23T09:45:09.3464757Z,Number of deleted files: 0,,0
	2026-03-23T09:45:09.4209381Z,Number of regular files transferred: 1,,0
	2026-03-23T09:45:09.4414199Z,Total file size: 2.15M bytes,,0
	2026-03-23T09:45:09.5003502Z,Total transferred file size: 150.02K bytes,,0
	2026-03-23T09:45:09.5306893Z,Literal data: 150.02K bytes,,0
	2026-03-23T09:45:09.5723898Z,Matched data: 0 bytes,,0
	2026-03-23T09:45:09.6103946Z,File list size: 0,,0
	2026-03-23T09:45:09.6403727Z,File list generation time: 0.137 seconds,,0
	2026-03-23T09:45:09.6793720Z,File list transfer time: 0.000 seconds,,0
	2026-03-23T09:45:09.7379865Z,Total bytes sent: 70.37K,,0
	2026-03-23T09:45:09.7644821Z,Total bytes received: 56,,0
	2026-03-23T09:45:09.7877795Z,,,0
	2026-03-23T09:45:09.8382307Z,sent 70.37K bytes  received 56 bytes  46.95K bytes/sec,,0
	2026-03-23T09:45:09.9259110Z,total size is 2.15M  speedup is 30.50,,0
	2026-03-23T09:45:09.9570006Z,Attempt 1: Rsync for filelist /tmp//splits/split.ae completed with exit code 0,,0
	2026-03-23T09:45:10.0690180Z,,,0
	2026-03-23T09:45:10.1290871Z,Number of files: 9 (reg: 7&comma; dir: 2),,0
	2026-03-23T09:45:10.1494047Z,Number of created files: 7 (reg: 6&comma; dir: 1),,0
	2026-03-23T09:45:10.2074483Z,Number of deleted files: 0,,0
	2026-03-23T09:45:10.2739998Z,Number of regular files transferred: 6,,0
	2026-03-23T09:45:10.3217804Z,Total file size: 92.46K bytes,,0
	2026-03-23T09:45:10.3677986Z,Total transferred file size: 28.69K bytes,,0
	2026-03-23T09:45:10.4147214Z,Literal data: 28.69K bytes,,0
	2026-03-23T09:45:10.4556063Z,Matched data: 0 bytes,,0
	2026-03-23T09:45:10.4823830Z,File list size: 0,,0
	2026-03-23T09:45:10.5010423Z,File list generation time: 0.060 seconds,,0
	2026-03-23T09:45:10.5337937Z,File list transfer time: 0.000 seconds,,0
	2026-03-23T09:45:10.5872630Z,Total bytes sent: 7.18K,,0
	2026-03-23T09:45:10.6251618Z,Total bytes received: 139,,0
	2026-03-23T09:45:10.6448575Z,,,0
	2026-03-23T09:45:10.6752333Z,sent 7.18K bytes  received 139 bytes  2.93K bytes/sec,,0
	2026-03-23T09:45:10.7246517Z,total size is 92.46K  speedup is 12.62,,0
	2026-03-23T09:45:10.7535296Z,Attempt 1: Rsync for filelist /tmp//splits/split.aa completed with exit code 0,,0
	2026-03-23T09:45:10.7852727Z,,,0
	2026-03-23T09:45:10.8142558Z,Number of files: 11 (reg: 7&comma; dir: 4),,0
	2026-03-23T09:45:10.8657121Z,Number of created files: 1 (reg: 1),,0
	2026-03-23T09:45:10.9134935Z,Number of deleted files: 0,,0
	2026-03-23T09:45:10.9453837Z,Number of regular files transferred: 2,,0
	2026-03-23T09:45:10.9639823Z,Total file size: 9.99M bytes,,0
	2026-03-23T09:45:10.9850287Z,Total transferred file size: 9.98M bytes,,0
	2026-03-23T09:45:10.9955165Z,Literal data: 9.98M bytes,,0
	2026-03-23T09:45:11.0353549Z,Matched data: 0 bytes,,0
	2026-03-23T09:45:11.1084820Z,File list size: 0,,0
	2026-03-23T09:45:11.2158752Z,File list generation time: 0.001 seconds,,0
	2026-03-23T09:45:11.2763993Z,File list transfer time: 0.000 seconds,,0
	2026-03-23T09:45:11.3341891Z,Total bytes sent: 3.27M,,0
	2026-03-23T09:45:11.4147851Z,Total bytes received: 81,,0
	2026-03-23T09:45:11.4542457Z,,,0
	2026-03-23T09:45:11.4942956Z,sent 3.27M bytes  received 81 bytes  502.44K bytes/sec,,0
	2026-03-23T09:45:11.5060571Z,total size is 9.99M  speedup is 3.06,,0
	2026-03-23T09:45:11.5561356Z,Attempt 1: Rsync for filelist /tmp//splits/split.ag completed with exit code 0,,0
	2026-03-23T09:45:11.6332350Z,Deleting files not present in /tmp/zipdeploy/extracted/ from /home/site/wwwroot/ based on manifest file /home/site/deployments/298fef49-4863-4e4a-9b9c-5b0dbe8b9284/manifest,,0
	2026-03-23T09:45:11.7348486Z,Number of files deleted: 0. See /tmp//rsync_deletion_logs.txt for more details.,,0
	2026-03-23T09:45:11.7843429Z,create new manifest file at /home/site/deployments/b671a348-0abe-473c-97d2-a1e7d118155a/manifest,,0
	2026-03-23T09:45:11.7940321Z,Completed successfully in 8 seconds,,0
2026-03-23T09:45:12.1520563Z,Running post deployment command(s)...,190302eb-d953-4495-9f21-4a764a60e6dd,0
2026-03-23T09:45:12.5285438Z,Triggering recycle (preview mode disabled).,59456e3b-80c5-4ce7-8df2-9258cd78110b,0
2026-03-23T09:45:13.0992318Z,Deployment successful. deployer = Push-Deployer deploymentPath = ZipDeploy. Extract zip.,39e86f4e-09b8-40e5-b7b4-573318f46f13,0
