2026-03-23T09:13:46.8151900Z State: Starting, Action: EstablishingSiteNetworks, LastError: , LastErrorTimestamp: 01/01/0001 00:00:00, LastErrorDetails: , Details: , DetailsLevel: INFO
2026-03-23T09:13:49.7005039Z State: Starting, Action: StartingSiteContainers, LastError: , LastErrorTimestamp: 01/01/0001 00:00:00, LastErrorDetails: , Details: , DetailsLevel: INFO
2026-03-23T09:13:49.7203936Z Container start method called.
2026-03-23T09:13:49.7484564Z State: Starting, Action: PullingImage, LastError: , LastErrorTimestamp: 01/01/0001 00:00:00, LastErrorDetails: , Details: Pulling image 10.1.0.5:13209/appsvc/dotnetcore:8.0_20260115.4.tuxprod for sep4-server., DetailsLevel: INFO
2026-03-23T09:13:49.7489204Z Establishing network.
2026-03-23T09:13:49.7503481Z Pulling image: appsvc/dotnetcore:8.0_20260115.4.tuxprod.
2026-03-23T09:13:50.1359124Z Image appsvc/dotnetcore:8.0_20260115.4.tuxprod is pulled from registry 10.1.0.5:13209
2026-03-23T09:13:50.1889789Z Container is starting.
2026-03-23T09:13:50.1955937Z State: Starting, Action: MountingVolumes, LastError: , LastErrorTimestamp: 01/01/0001 00:00:00, LastErrorDetails: , Details: Mounting volumes for sep4-server., DetailsLevel: INFO
2026-03-23T09:13:50.1965319Z Establishing user namespace if not established already.
2026-03-23T09:13:50.1974912Z Establishing network if not established already.
2026-03-23T09:13:50.1976963Z Mounting volumes.
2026-03-23T09:13:50.2211907Z Nested mountpoint 
2026-03-23T09:13:50.2826897Z Nested mountpoint volatile/logs
2026-03-23T09:13:50.3199711Z Nested mountpoint 
2026-03-23T09:13:50.3941178Z Nested mountpoint 
2026-03-23T09:13:50.4511684Z Nested mountpoint 
2026-03-23T09:13:50.8053795Z State: Starting, Action: CreatingContainer, LastError: , LastErrorTimestamp: 01/01/0001 00:00:00, LastErrorDetails: , Details: Finished pulling container image and mounting volumes for sep4-server. Allocatinng the rest of the container resources to finish container creation., DetailsLevel: INFO
2026-03-23T09:13:50.8059729Z Creating container.
2026-03-23T09:13:50.8073102Z Creating pipes for streaming container io.
2026-03-23T09:13:50.8162427Z Creating stdout named pipe at /podr/container/pipe/3db81fa7116c_sep4-server/stdout_0da07f4c91164209bd2642ea9e254f02.
2026-03-23T09:13:50.8248045Z Successfully created stdout named pipe at: /podr/container/pipe/3db81fa7116c_sep4-server/stdout_0da07f4c91164209bd2642ea9e254f02.
2026-03-23T09:13:50.8266835Z Opening named pipe /podr/container/pipe/3db81fa7116c_sep4-server/stdout_0da07f4c91164209bd2642ea9e254f02 for reading in non-blocking mode.
2026-03-23T09:13:50.8341104Z Successfully opened named pipe: /podr/container/pipe/3db81fa7116c_sep4-server/stdout_0da07f4c91164209bd2642ea9e254f02.
2026-03-23T09:13:50.8352429Z Successfully removed non-blocking flag from /podr/container/pipe/3db81fa7116c_sep4-server/stdout_0da07f4c91164209bd2642ea9e254f02.
2026-03-23T09:13:50.8373520Z Creating stderr named pipe at /podr/container/pipe/3db81fa7116c_sep4-server/stderr_f25bbad8257f4c9e98290a29ada0f0cf.
2026-03-23T09:13:50.8544627Z Successfully created stderr named pipe at: /podr/container/pipe/3db81fa7116c_sep4-server/stderr_f25bbad8257f4c9e98290a29ada0f0cf.
2026-03-23T09:13:50.8546772Z Opening named pipe /podr/container/pipe/3db81fa7116c_sep4-server/stderr_f25bbad8257f4c9e98290a29ada0f0cf for reading in non-blocking mode.
2026-03-23T09:13:50.8548117Z Successfully opened named pipe: /podr/container/pipe/3db81fa7116c_sep4-server/stderr_f25bbad8257f4c9e98290a29ada0f0cf.
2026-03-23T09:13:50.8549036Z Successfully removed non-blocking flag from /podr/container/pipe/3db81fa7116c_sep4-server/stderr_f25bbad8257f4c9e98290a29ada0f0cf.
2026-03-23T09:13:50.8846763Z Creating container with image: appsvc/dotnetcore:8.0_20260115.4.tuxprod from registry: 10.1.0.5:13209 and fully qualified image name: 10.1.0.5:13209/appsvc/dotnetcore:8.0_20260115.4.tuxprod
2026-03-23T09:13:52.5620205Z Starting container: 3db81fa7116c_sep4-server.
2026-03-23T09:13:52.9422339Z Starting watchers and probes.
2026-03-23T09:13:53.0422251Z Starting metrics collection.
2026-03-23T09:13:53.1624729Z Container is running.
2026-03-23T09:13:53.1910351Z State: Starting, Action: CreatingContainer, LastError: , LastErrorTimestamp: 01/01/0001 00:00:00, LastErrorDetails: , Details: Container sep4-server successfully created and is running., DetailsLevel: INFO
2026-03-23T09:13:54.2276641Z Container start method finished after 4506 ms.
2026-03-23T09:13:54.2283092Z State: Starting, Action: InitiatingSiteWarmUpProbe, LastError: , LastErrorTimestamp: 01/01/0001 00:00:00, LastErrorDetails: , Details: Container sep4-server successfully created and is running., DetailsLevel: INFO
2026-03-23T09:13:54.2394169Z State: Starting, Action: WaitingForSiteWarmUpProbeSuccess, LastError: , LastErrorTimestamp: 01/01/0001 00:00:00, LastErrorDetails: , Details: Pinging warmup path to ensure container is ready to receive requests., DetailsLevel: INFO
2026-03-23T09:14:33.0969833Z Site startup probe succeeded after 38.7670605 seconds.
2026-03-23T09:14:33.5470176Z State: Starting, Action: WarmUpProbeSucceeded, LastError: , LastErrorTimestamp: 01/01/0001 00:00:00, LastErrorDetails: , Details: Site startup probe succeeded after 38.7670605 seconds., DetailsLevel: INFO
2026-03-23T09:14:33.9886645Z Site started.
2026-03-23T09:14:33.9964748Z State: Started, Action: None, LastError: , LastErrorTimestamp: 01/01/0001 00:00:00, LastErrorDetails: , Details: Site started at 03/23/2026 09:14:33 (UTC), DetailsLevel: INFO
2026-03-23T09:14:35.3613836Z Site is running with patch version DOTNETCORE 8.0.23
2026-03-23T09:34:29.9782031Z State: Starting, Action: EstablishingSiteNetworks, LastError: , LastErrorTimestamp: 01/01/0001 00:00:00, LastErrorDetails: , Details: , DetailsLevel: INFO
2026-03-23T09:34:32.8155681Z State: Starting, Action: StartingSiteContainers, LastError: , LastErrorTimestamp: 01/01/0001 00:00:00, LastErrorDetails: , Details: , DetailsLevel: INFO
2026-03-23T09:34:32.8157646Z Container start method called.
2026-03-23T09:34:32.8164910Z State: Starting, Action: PullingImage, LastError: , LastErrorTimestamp: 01/01/0001 00:00:00, LastErrorDetails: , Details: Pulling image 10.1.0.6:13209/appsvc/dotnetcore:8.0_20260115.4.tuxprod for sep4-server., DetailsLevel: INFO
2026-03-23T09:34:32.8334926Z Establishing network.
2026-03-23T09:34:32.8336420Z Pulling image: appsvc/dotnetcore:8.0_20260115.4.tuxprod.
2026-03-23T09:34:33.1658430Z Container is starting.
2026-03-23T09:34:33.1772395Z State: Starting, Action: MountingVolumes, LastError: , LastErrorTimestamp: 01/01/0001 00:00:00, LastErrorDetails: , Details: Mounting volumes for sep4-server., DetailsLevel: INFO
2026-03-23T09:34:33.1857715Z Establishing user namespace if not established already.
2026-03-23T09:34:33.1870222Z Establishing network if not established already.
2026-03-23T09:34:33.1951801Z Mounting volumes.
2026-03-23T09:34:33.1963394Z Nested mountpoint 
2026-03-23T09:34:33.2460605Z Nested mountpoint volatile/logs
2026-03-23T09:34:33.2951872Z Nested mountpoint 
2026-03-23T09:34:33.3245799Z Nested mountpoint 
2026-03-23T09:34:33.3815586Z Nested mountpoint 
2026-03-23T09:34:33.8838423Z State: Starting, Action: CreatingContainer, LastError: , LastErrorTimestamp: 01/01/0001 00:00:00, LastErrorDetails: , Details: Finished pulling container image and mounting volumes for sep4-server. Allocatinng the rest of the container resources to finish container creation., DetailsLevel: INFO
2026-03-23T09:34:33.8841752Z Creating container.
2026-03-23T09:34:33.8843046Z Creating pipes for streaming container io.
2026-03-23T09:34:33.8844478Z Creating stdout named pipe at /podr/container/pipe/74fc6663e8e5_sep4-server/stdout_3651d78956954a33944338d78b859f8d.
2026-03-23T09:34:33.8848397Z Successfully created stdout named pipe at: /podr/container/pipe/74fc6663e8e5_sep4-server/stdout_3651d78956954a33944338d78b859f8d.
2026-03-23T09:34:33.8936530Z Opening named pipe /podr/container/pipe/74fc6663e8e5_sep4-server/stdout_3651d78956954a33944338d78b859f8d for reading in non-blocking mode.
2026-03-23T09:34:33.8940201Z Successfully opened named pipe: /podr/container/pipe/74fc6663e8e5_sep4-server/stdout_3651d78956954a33944338d78b859f8d.
2026-03-23T09:34:33.8943256Z Successfully removed non-blocking flag from /podr/container/pipe/74fc6663e8e5_sep4-server/stdout_3651d78956954a33944338d78b859f8d.
2026-03-23T09:34:33.8949015Z Creating stderr named pipe at /podr/container/pipe/74fc6663e8e5_sep4-server/stderr_a31e966569c84edfbad2bd9a88b31f14.
2026-03-23T09:34:33.8950908Z Successfully created stderr named pipe at: /podr/container/pipe/74fc6663e8e5_sep4-server/stderr_a31e966569c84edfbad2bd9a88b31f14.
2026-03-23T09:34:33.8951920Z Opening named pipe /podr/container/pipe/74fc6663e8e5_sep4-server/stderr_a31e966569c84edfbad2bd9a88b31f14 for reading in non-blocking mode.
2026-03-23T09:34:33.8952935Z Successfully opened named pipe: /podr/container/pipe/74fc6663e8e5_sep4-server/stderr_a31e966569c84edfbad2bd9a88b31f14.
2026-03-23T09:34:33.8953734Z Successfully removed non-blocking flag from /podr/container/pipe/74fc6663e8e5_sep4-server/stderr_a31e966569c84edfbad2bd9a88b31f14.
2026-03-23T09:34:33.9040432Z Creating container with image: appsvc/dotnetcore:8.0_20260115.4.tuxprod from registry: 10.1.0.6:13209 and fully qualified image name: 10.1.0.6:13209/appsvc/dotnetcore:8.0_20260115.4.tuxprod
2026-03-23T09:34:35.3406470Z Starting container: 74fc6663e8e5_sep4-server.
2026-03-23T09:34:35.5049734Z Starting watchers and probes.
2026-03-23T09:34:35.5057467Z Starting metrics collection.
2026-03-23T09:34:35.5139536Z Container is running.
2026-03-23T09:34:35.5142517Z State: Starting, Action: CreatingContainer, LastError: , LastErrorTimestamp: 01/01/0001 00:00:00, LastErrorDetails: , Details: Container sep4-server successfully created and is running., DetailsLevel: INFO
2026-03-23T09:34:36.1059008Z Container start method finished after 3289 ms.
2026-03-23T09:34:36.1853044Z State: Starting, Action: InitiatingSiteWarmUpProbe, LastError: , LastErrorTimestamp: 01/01/0001 00:00:00, LastErrorDetails: , Details: Container sep4-server successfully created and is running., DetailsLevel: INFO
2026-03-23T09:34:36.1853366Z State: Starting, Action: WaitingForSiteWarmUpProbeSuccess, LastError: , LastErrorTimestamp: 01/01/0001 00:00:00, LastErrorDetails: , Details: Pinging warmup path to ensure container is ready to receive requests., DetailsLevel: INFO
2026-03-23T09:35:26.8087301Z Site startup probe succeeded after 50.5835795 seconds.
2026-03-23T09:35:27.2678396Z State: Starting, Action: WarmUpProbeSucceeded, LastError: , LastErrorTimestamp: 01/01/0001 00:00:00, LastErrorDetails: , Details: Site startup probe succeeded after 50.5835795 seconds., DetailsLevel: INFO
2026-03-23T09:35:27.4361389Z Site is running with deployment version: 96d1b3a4-0f20-43b2-a65b-a52a0efcdd5e
2026-03-23T09:35:27.4460291Z Site started.
2026-03-23T09:35:27.4466650Z State: Started, Action: None, LastError: , LastErrorTimestamp: 01/01/0001 00:00:00, LastErrorDetails: , Details: Site started at 03/23/2026 09:35:27 (UTC), DetailsLevel: INFO
2026-03-23T09:35:27.4648466Z Site is running with patch version DOTNETCORE 8.0.23
2026-03-23T09:35:47.7585639Z State: Stopping, Action: StoppingSite, LastError: , LastErrorTimestamp: 01/01/0001 00:00:00, LastErrorDetails: , Details: Site started at 03/23/2026 09:14:33 (UTC), DetailsLevel: INFO
2026-03-23T09:35:47.8289177Z State: Stopping, Action: StoppingSiteContainers, LastError: , LastErrorTimestamp: 01/01/0001 00:00:00, LastErrorDetails: , Details: Site started at 03/23/2026 09:14:33 (UTC), DetailsLevel: INFO
2026-03-23T09:35:47.8581969Z Container is terminating. Grace period: 5 seconds.
2026-03-23T09:35:48.0821057Z Stop and delete container. Retry count = 0
2026-03-23T09:35:48.1005553Z Stopping container: 3db81fa7116c_sep4-server.
2026-03-23T09:35:53.8071755Z Deleting container: 3db81fa7116c_sep4-server. Retry count = 0
2026-03-23T09:35:54.2855963Z Container spec TerminationMessagePolicy  path 
2026-03-23T09:35:54.2947441Z Container is terminated. Total time elapsed: 6433 ms.
2026-03-23T09:35:54.3211615Z Site: sep4-server stopped.
2026-03-23T09:36:28.8200627Z State: Starting, Action: EstablishingSiteNetworks, LastError: , LastErrorTimestamp: 01/01/0001 00:00:00, LastErrorDetails: , Details: , DetailsLevel: INFO
2026-03-23T09:36:32.5023594Z State: Starting, Action: StartingSiteContainers, LastError: , LastErrorTimestamp: 01/01/0001 00:00:00, LastErrorDetails: , Details: , DetailsLevel: INFO
2026-03-23T09:36:32.5024745Z Container start method called.
2026-03-23T09:36:32.5119280Z State: Starting, Action: PullingImage, LastError: , LastErrorTimestamp: 01/01/0001 00:00:00, LastErrorDetails: , Details: Pulling image 10.1.0.5:13209/appsvc/dotnetcore:8.0_20260115.4.tuxprod for sep4-server., DetailsLevel: INFO
2026-03-23T09:36:32.5121887Z Establishing network.
2026-03-23T09:36:32.5123940Z Pulling image: appsvc/dotnetcore:8.0_20260115.4.tuxprod.
2026-03-23T09:36:34.1708121Z Container is starting.
2026-03-23T09:36:34.4005207Z State: Starting, Action: MountingVolumes, LastError: , LastErrorTimestamp: 01/01/0001 00:00:00, LastErrorDetails: , Details: Mounting volumes for sep4-server., DetailsLevel: INFO
2026-03-23T09:36:34.4225005Z Establishing user namespace if not established already.
2026-03-23T09:36:34.4226951Z Establishing network if not established already.
2026-03-23T09:36:34.4228064Z Mounting volumes.
2026-03-23T09:36:34.4231289Z Nested mountpoint 
2026-03-23T09:36:34.5862908Z Nested mountpoint volatile/logs
2026-03-23T09:36:34.7407981Z Nested mountpoint 
2026-03-23T09:36:34.7416490Z Nested mountpoint 
2026-03-23T09:36:34.9122974Z Nested mountpoint 
2026-03-23T09:36:38.6844790Z Volume: DiagnosticServer cannot be mounted at /diagServer during container: sep4-server startup. The volume mount is required. Terminate.
2026-03-23T09:36:38.6867268Z Container start up interrupted. Revert by terminate.
2026-03-23T09:36:38.6868647Z Container is terminating. Grace period: 5 seconds.
2026-03-23T09:36:38.6960420Z Container spec TerminationMessagePolicy  path 
2026-03-23T09:36:38.6961953Z Container is terminated. Total time elapsed: 9 ms.
2026-03-23T09:36:38.6962912Z Site container: sep4-server terminated during site startup.
2026-03-23T09:36:38.7272646Z State: Stopping, Action: CancellingStartup, LastError: , LastErrorTimestamp: 01/01/0001 00:00:00, LastErrorDetails: , Details: Site container: sep4-server terminated during site startup. Cancelling site startup., DetailsLevel: ERR
2026-03-23T09:36:39.1165240Z State: Stopping, Action: CancellingStartup, LastError: SiteStartupCancelled, LastErrorTimestamp: 03/23/2026 09:36:39, LastErrorDetails: , Details: Site container: sep4-server terminated during site startup. Cancelling site startup., DetailsLevel: WARN
2026-03-23T09:36:39.2485461Z Site container: sep4-server terminated. Stopping the entire site.
2026-03-23T09:36:39.2487391Z State: Stopping, Action: StoppingSite, LastError: SiteStartupCancelled, LastErrorTimestamp: 03/23/2026 09:36:39, LastErrorDetails: , Details: Site container: sep4-server terminated during site startup. Cancelling site startup., DetailsLevel: WARN
2026-03-23T09:36:39.2490090Z State: Stopping, Action: StoppingSiteContainers, LastError: SiteStartupCancelled, LastErrorTimestamp: 03/23/2026 09:36:39, LastErrorDetails: , Details: Site container: sep4-server terminated during site startup. Cancelling site startup., DetailsLevel: WARN
2026-03-23T09:36:39.2490290Z Site: sep4-server stopped.
2026-03-23T09:36:59.4498198Z State: Stopping, Action: StoppingSite, LastError: , LastErrorTimestamp: 01/01/0001 00:00:00, LastErrorDetails: , Details: Site started at 03/23/2026 09:35:27 (UTC), DetailsLevel: INFO
2026-03-23T09:36:59.4511460Z State: Stopping, Action: StoppingSiteContainers, LastError: , LastErrorTimestamp: 01/01/0001 00:00:00, LastErrorDetails: , Details: Site started at 03/23/2026 09:35:27 (UTC), DetailsLevel: INFO
2026-03-23T09:36:59.4515495Z Container is terminating. Grace period: 5 seconds.
2026-03-23T09:36:59.4617056Z Stop and delete container. Retry count = 0
2026-03-23T09:36:59.4620158Z Stopping container: 74fc6663e8e5_sep4-server.
2026-03-23T09:37:05.4031313Z Deleting container: 74fc6663e8e5_sep4-server. Retry count = 0
2026-03-23T09:37:05.7537538Z Container spec TerminationMessagePolicy  path 
2026-03-23T09:37:05.7550849Z Container is terminated. Total time elapsed: 6302 ms.
2026-03-23T09:37:05.7552573Z Site: sep4-server stopped.
2026-03-23T09:37:26.4604549Z State: Starting, Action: EstablishingSiteNetworks, LastError: SiteStartupCancelled, LastErrorTimestamp: 03/23/2026 09:36:39, LastErrorDetails: , Details: Site stopped at 03/23/2026 09:36:40 (UTC), DetailsLevel: WARN
2026-03-23T09:37:28.3217121Z State: Starting, Action: StartingSiteContainers, LastError: SiteStartupCancelled, LastErrorTimestamp: 03/23/2026 09:36:39, LastErrorDetails: , Details: Site stopped at 03/23/2026 09:36:40 (UTC), DetailsLevel: WARN
2026-03-23T09:37:28.3220843Z Container start method called.
2026-03-23T09:37:28.3223980Z State: Starting, Action: PullingImage, LastError: SiteStartupCancelled, LastErrorTimestamp: 03/23/2026 09:36:39, LastErrorDetails: , Details: Pulling image 10.1.0.5:13209/appsvc/dotnetcore:8.0_20260115.4.tuxprod for sep4-server., DetailsLevel: INFO
2026-03-23T09:37:28.3424119Z Establishing network.
2026-03-23T09:37:28.3426293Z Pulling image: appsvc/dotnetcore:8.0_20260115.4.tuxprod.
2026-03-23T09:37:28.6011883Z Container is starting.
2026-03-23T09:37:28.6013342Z State: Starting, Action: MountingVolumes, LastError: SiteStartupCancelled, LastErrorTimestamp: 03/23/2026 09:36:39, LastErrorDetails: , Details: Mounting volumes for sep4-server., DetailsLevel: INFO
2026-03-23T09:37:28.6014414Z Establishing user namespace if not established already.
2026-03-23T09:37:28.6015416Z Establishing network if not established already.
2026-03-23T09:37:28.6017593Z Mounting volumes.
2026-03-23T09:37:28.6019493Z Nested mountpoint 
2026-03-23T09:37:28.6128825Z Nested mountpoint volatile/logs
2026-03-23T09:37:28.6492964Z Nested mountpoint 
2026-03-23T09:37:28.6802061Z Nested mountpoint 
2026-03-23T09:37:28.7098727Z Nested mountpoint 
2026-03-23T09:37:29.3802266Z State: Starting, Action: CreatingContainer, LastError: SiteStartupCancelled, LastErrorTimestamp: 03/23/2026 09:36:39, LastErrorDetails: , Details: Finished pulling container image and mounting volumes for sep4-server. Allocatinng the rest of the container resources to finish container creation., DetailsLevel: INFO
2026-03-23T09:37:29.3874237Z Creating container.
2026-03-23T09:37:29.3880341Z Creating pipes for streaming container io.
2026-03-23T09:37:29.3885172Z Creating stdout named pipe at /podr/container/pipe/f07a779a7a3a_sep4-server/stdout_2f033552718d4630a36dad1910908571.
2026-03-23T09:37:29.3892391Z Successfully created stdout named pipe at: /podr/container/pipe/f07a779a7a3a_sep4-server/stdout_2f033552718d4630a36dad1910908571.
2026-03-23T09:37:29.3895458Z Opening named pipe /podr/container/pipe/f07a779a7a3a_sep4-server/stdout_2f033552718d4630a36dad1910908571 for reading in non-blocking mode.
2026-03-23T09:37:29.3897658Z Successfully opened named pipe: /podr/container/pipe/f07a779a7a3a_sep4-server/stdout_2f033552718d4630a36dad1910908571.
2026-03-23T09:37:29.3901352Z Successfully removed non-blocking flag from /podr/container/pipe/f07a779a7a3a_sep4-server/stdout_2f033552718d4630a36dad1910908571.
2026-03-23T09:37:29.4178678Z Creating stderr named pipe at /podr/container/pipe/f07a779a7a3a_sep4-server/stderr_0f56236f700445f78db6b1bfbcb8dd40.
2026-03-23T09:37:29.4180866Z Successfully created stderr named pipe at: /podr/container/pipe/f07a779a7a3a_sep4-server/stderr_0f56236f700445f78db6b1bfbcb8dd40.
2026-03-23T09:37:29.4181625Z Opening named pipe /podr/container/pipe/f07a779a7a3a_sep4-server/stderr_0f56236f700445f78db6b1bfbcb8dd40 for reading in non-blocking mode.
2026-03-23T09:37:29.4182529Z Successfully opened named pipe: /podr/container/pipe/f07a779a7a3a_sep4-server/stderr_0f56236f700445f78db6b1bfbcb8dd40.
2026-03-23T09:37:29.4183295Z Successfully removed non-blocking flag from /podr/container/pipe/f07a779a7a3a_sep4-server/stderr_0f56236f700445f78db6b1bfbcb8dd40.
2026-03-23T09:37:29.4185755Z Creating container with image: appsvc/dotnetcore:8.0_20260115.4.tuxprod from registry: 10.1.0.5:13209 and fully qualified image name: 10.1.0.5:13209/appsvc/dotnetcore:8.0_20260115.4.tuxprod
2026-03-23T09:37:30.0252576Z Starting container: f07a779a7a3a_sep4-server.
2026-03-23T09:37:30.1095980Z Starting watchers and probes.
2026-03-23T09:37:30.1180654Z Starting metrics collection.
2026-03-23T09:37:30.1197197Z Container is running.
2026-03-23T09:37:30.1286969Z State: Starting, Action: CreatingContainer, LastError: SiteStartupCancelled, LastErrorTimestamp: 03/23/2026 09:36:39, LastErrorDetails: , Details: Container sep4-server successfully created and is running., DetailsLevel: INFO
2026-03-23T09:37:30.3833084Z Container start method finished after 2060 ms.
2026-03-23T09:37:30.3838649Z State: Starting, Action: InitiatingSiteWarmUpProbe, LastError: SiteStartupCancelled, LastErrorTimestamp: 03/23/2026 09:36:39, LastErrorDetails: , Details: Container sep4-server successfully created and is running., DetailsLevel: INFO
2026-03-23T09:37:30.3839351Z State: Starting, Action: WaitingForSiteWarmUpProbeSuccess, LastError: SiteStartupCancelled, LastErrorTimestamp: 03/23/2026 09:36:39, LastErrorDetails: , Details: Pinging warmup path to ensure container is ready to receive requests., DetailsLevel: INFO
2026-03-23T09:38:03.5877562Z Site startup probe succeeded after 33.2016999 seconds.
2026-03-23T09:38:03.9540680Z State: Starting, Action: WarmUpProbeSucceeded, LastError: SiteStartupCancelled, LastErrorTimestamp: 03/23/2026 09:36:39, LastErrorDetails: , Details: Site startup probe succeeded after 33.2016999 seconds., DetailsLevel: INFO
2026-03-23T09:38:04.1452029Z Site is running with deployment version: 96d1b3a4-0f20-43b2-a65b-a52a0efcdd5e
2026-03-23T09:38:04.1459127Z Site started.
2026-03-23T09:38:04.1462849Z State: Started, Action: None, LastError: SiteStartupCancelled, LastErrorTimestamp: 03/23/2026 09:36:39, LastErrorDetails: , Details: Site started at 03/23/2026 09:38:04 (UTC), DetailsLevel: INFO
2026-03-23T09:38:04.1765570Z Site is running with patch version DOTNETCORE 8.0.23
2026-03-23T09:39:54.9508873Z State: Starting, Action: EstablishingSiteNetworks, LastError: , LastErrorTimestamp: 01/01/0001 00:00:00, LastErrorDetails: , Details: , DetailsLevel: INFO
2026-03-23T09:40:00.0961233Z State: Starting, Action: StartingSiteContainers, LastError: , LastErrorTimestamp: 01/01/0001 00:00:00, LastErrorDetails: , Details: , DetailsLevel: INFO
2026-03-23T09:40:00.1030021Z Container start method called.
2026-03-23T09:40:00.1033549Z State: Starting, Action: PullingImage, LastError: , LastErrorTimestamp: 01/01/0001 00:00:00, LastErrorDetails: , Details: Pulling image 10.1.0.6:13209/appsvc/dotnetcore:8.0_20260115.4.tuxprod for sep4-server., DetailsLevel: INFO
2026-03-23T09:40:00.1035309Z Establishing network.
2026-03-23T09:40:00.1036801Z Pulling image: appsvc/dotnetcore:8.0_20260115.4.tuxprod.
2026-03-23T09:40:02.2885885Z Container is starting.
2026-03-23T09:40:02.2887395Z State: Starting, Action: MountingVolumes, LastError: , LastErrorTimestamp: 01/01/0001 00:00:00, LastErrorDetails: , Details: Mounting volumes for sep4-server., DetailsLevel: INFO
2026-03-23T09:40:02.2888412Z Establishing user namespace if not established already.
2026-03-23T09:40:02.2889198Z Establishing network if not established already.
2026-03-23T09:40:02.2890326Z Mounting volumes.
2026-03-23T09:40:02.2891646Z Nested mountpoint 
2026-03-23T09:40:02.3748394Z Nested mountpoint volatile/logs
2026-03-23T09:40:02.5684726Z Nested mountpoint 
2026-03-23T09:40:02.6069827Z Nested mountpoint 
2026-03-23T09:40:02.6181959Z Nested mountpoint 
2026-03-23T09:40:06.7458858Z State: Starting, Action: CreatingContainer, LastError: , LastErrorTimestamp: 01/01/0001 00:00:00, LastErrorDetails: , Details: Finished pulling container image and mounting volumes for sep4-server. Allocatinng the rest of the container resources to finish container creation., DetailsLevel: INFO
2026-03-23T09:40:06.7460013Z Creating container.
2026-03-23T09:40:06.7460832Z Creating pipes for streaming container io.
2026-03-23T09:40:06.7461723Z Creating stdout named pipe at /podr/container/pipe/63e86e1d93d5_sep4-server/stdout_9858a2ec05bc46a6933fac21404797c5.
2026-03-23T09:40:06.8842136Z Successfully created stdout named pipe at: /podr/container/pipe/63e86e1d93d5_sep4-server/stdout_9858a2ec05bc46a6933fac21404797c5.
2026-03-23T09:40:06.8918425Z Opening named pipe /podr/container/pipe/63e86e1d93d5_sep4-server/stdout_9858a2ec05bc46a6933fac21404797c5 for reading in non-blocking mode.
2026-03-23T09:40:06.8925774Z Successfully opened named pipe: /podr/container/pipe/63e86e1d93d5_sep4-server/stdout_9858a2ec05bc46a6933fac21404797c5.
2026-03-23T09:40:06.8927617Z Successfully removed non-blocking flag from /podr/container/pipe/63e86e1d93d5_sep4-server/stdout_9858a2ec05bc46a6933fac21404797c5.
2026-03-23T09:40:06.8930578Z Creating stderr named pipe at /podr/container/pipe/63e86e1d93d5_sep4-server/stderr_cf3674eec96549c8876ac456e3249efc.
2026-03-23T09:40:06.8933883Z Successfully created stderr named pipe at: /podr/container/pipe/63e86e1d93d5_sep4-server/stderr_cf3674eec96549c8876ac456e3249efc.
2026-03-23T09:40:06.8935203Z Opening named pipe /podr/container/pipe/63e86e1d93d5_sep4-server/stderr_cf3674eec96549c8876ac456e3249efc for reading in non-blocking mode.
2026-03-23T09:40:06.8936294Z Successfully opened named pipe: /podr/container/pipe/63e86e1d93d5_sep4-server/stderr_cf3674eec96549c8876ac456e3249efc.
2026-03-23T09:40:06.8936990Z Successfully removed non-blocking flag from /podr/container/pipe/63e86e1d93d5_sep4-server/stderr_cf3674eec96549c8876ac456e3249efc.
2026-03-23T09:40:06.9231662Z Creating container with image: appsvc/dotnetcore:8.0_20260115.4.tuxprod from registry: 10.1.0.6:13209 and fully qualified image name: 10.1.0.6:13209/appsvc/dotnetcore:8.0_20260115.4.tuxprod
2026-03-23T09:40:11.3071855Z Starting container: 63e86e1d93d5_sep4-server.
2026-03-23T09:40:11.5988810Z Starting watchers and probes.
2026-03-23T09:40:11.6107270Z Starting metrics collection.
2026-03-23T09:40:11.6367311Z Container is running.
2026-03-23T09:40:11.6375306Z State: Starting, Action: CreatingContainer, LastError: , LastErrorTimestamp: 01/01/0001 00:00:00, LastErrorDetails: , Details: Container sep4-server successfully created and is running., DetailsLevel: INFO
2026-03-23T09:40:12.0033110Z Container start method finished after 11900 ms.
2026-03-23T09:40:12.0035189Z State: Starting, Action: InitiatingSiteWarmUpProbe, LastError: , LastErrorTimestamp: 01/01/0001 00:00:00, LastErrorDetails: , Details: Container sep4-server successfully created and is running., DetailsLevel: INFO
2026-03-23T09:40:12.0035410Z State: Starting, Action: WaitingForSiteWarmUpProbeSuccess, LastError: , LastErrorTimestamp: 01/01/0001 00:00:00, LastErrorDetails: , Details: Pinging warmup path to ensure container is ready to receive requests., DetailsLevel: INFO
2026-03-23T09:41:31.2877393Z Site startup probe succeeded after 79.2761932 seconds.
2026-03-23T09:41:31.6066994Z State: Starting, Action: WarmUpProbeSucceeded, LastError: , LastErrorTimestamp: 01/01/0001 00:00:00, LastErrorDetails: , Details: Site startup probe succeeded after 79.2761932 seconds., DetailsLevel: INFO
2026-03-23T09:41:31.7334873Z Site is running with deployment version: 298fef49-4863-4e4a-9b9c-5b0dbe8b9284
2026-03-23T09:41:31.7421106Z Site started.
2026-03-23T09:41:31.7422922Z State: Started, Action: None, LastError: , LastErrorTimestamp: 01/01/0001 00:00:00, LastErrorDetails: , Details: Site started at 03/23/2026 09:41:31 (UTC), DetailsLevel: INFO
2026-03-23T09:41:31.7627801Z Site is running with patch version DOTNETCORE 8.0.23
2026-03-23T09:41:51.9114847Z State: Stopping, Action: StoppingSite, LastError: SiteStartupCancelled, LastErrorTimestamp: 03/23/2026 09:36:39, LastErrorDetails: , Details: Site started at 03/23/2026 09:38:04 (UTC), DetailsLevel: INFO
2026-03-23T09:41:51.9311675Z State: Stopping, Action: StoppingSiteContainers, LastError: SiteStartupCancelled, LastErrorTimestamp: 03/23/2026 09:36:39, LastErrorDetails: , Details: Site started at 03/23/2026 09:38:04 (UTC), DetailsLevel: INFO
2026-03-23T09:41:51.9326933Z Container is terminating. Grace period: 5 seconds.
2026-03-23T09:41:52.2416620Z Stop and delete container. Retry count = 0
2026-03-23T09:41:52.2418370Z Stopping container: f07a779a7a3a_sep4-server.
2026-03-23T09:41:57.3385661Z Deleting container: f07a779a7a3a_sep4-server. Retry count = 0
2026-03-23T09:41:57.8998387Z Container spec TerminationMessagePolicy  path 
2026-03-23T09:41:57.9091657Z Container is terminated. Total time elapsed: 5974 ms.
2026-03-23T09:41:57.9165893Z Site: sep4-server stopped.
2026-03-23T09:42:00.2913532Z State: Starting, Action: EstablishingSiteNetworks, LastError: , LastErrorTimestamp: 01/01/0001 00:00:00, LastErrorDetails: , Details: , DetailsLevel: INFO
2026-03-23T09:42:03.2154172Z State: Starting, Action: StartingSiteContainers, LastError: , LastErrorTimestamp: 01/01/0001 00:00:00, LastErrorDetails: , Details: , DetailsLevel: INFO
2026-03-23T09:42:03.2249079Z Container start method called.
2026-03-23T09:42:03.2445733Z State: Starting, Action: PullingImage, LastError: , LastErrorTimestamp: 01/01/0001 00:00:00, LastErrorDetails: , Details: Pulling image 10.1.0.6:13209/appsvc/dotnetcore:8.0_20260115.4.tuxprod for sep4-server., DetailsLevel: INFO
2026-03-23T09:42:03.2524962Z Establishing network.
2026-03-23T09:42:03.2623841Z Pulling image: appsvc/dotnetcore:8.0_20260115.4.tuxprod.
2026-03-23T09:42:04.8775914Z Container is starting.
2026-03-23T09:42:04.8861303Z State: Starting, Action: MountingVolumes, LastError: , LastErrorTimestamp: 01/01/0001 00:00:00, LastErrorDetails: , Details: Mounting volumes for sep4-server., DetailsLevel: INFO
2026-03-23T09:42:04.9282574Z Establishing user namespace if not established already.
2026-03-23T09:42:05.1392518Z Establishing network if not established already.
2026-03-23T09:42:05.1874509Z Mounting volumes.
2026-03-23T09:42:05.2558753Z Nested mountpoint 
2026-03-23T09:42:05.7061486Z Nested mountpoint volatile/logs
2026-03-23T09:42:05.8873166Z Nested mountpoint 
2026-03-23T09:42:05.9262888Z Nested mountpoint 
2026-03-23T09:42:05.9368143Z Nested mountpoint 
2026-03-23T09:42:06.7827838Z State: Starting, Action: CreatingContainer, LastError: , LastErrorTimestamp: 01/01/0001 00:00:00, LastErrorDetails: , Details: Finished pulling container image and mounting volumes for sep4-server. Allocatinng the rest of the container resources to finish container creation., DetailsLevel: INFO
2026-03-23T09:42:06.7847125Z Creating container.
2026-03-23T09:42:06.7849326Z Creating pipes for streaming container io.
2026-03-23T09:42:06.8424864Z Creating stdout named pipe at /podr/container/pipe/2588965616e0_sep4-server/stdout_cf17045800e54023be16ffb8e5320414.
2026-03-23T09:42:06.8748489Z Successfully created stdout named pipe at: /podr/container/pipe/2588965616e0_sep4-server/stdout_cf17045800e54023be16ffb8e5320414.
2026-03-23T09:42:06.8750626Z Opening named pipe /podr/container/pipe/2588965616e0_sep4-server/stdout_cf17045800e54023be16ffb8e5320414 for reading in non-blocking mode.
2026-03-23T09:42:06.8933568Z Successfully opened named pipe: /podr/container/pipe/2588965616e0_sep4-server/stdout_cf17045800e54023be16ffb8e5320414.
2026-03-23T09:42:06.8935266Z Successfully removed non-blocking flag from /podr/container/pipe/2588965616e0_sep4-server/stdout_cf17045800e54023be16ffb8e5320414.
2026-03-23T09:42:06.8936711Z Creating stderr named pipe at /podr/container/pipe/2588965616e0_sep4-server/stderr_661fdcd8e5ad4fedadc093c9b99eee29.
2026-03-23T09:42:06.8938294Z Successfully created stderr named pipe at: /podr/container/pipe/2588965616e0_sep4-server/stderr_661fdcd8e5ad4fedadc093c9b99eee29.
2026-03-23T09:42:06.8938984Z Opening named pipe /podr/container/pipe/2588965616e0_sep4-server/stderr_661fdcd8e5ad4fedadc093c9b99eee29 for reading in non-blocking mode.
2026-03-23T09:42:06.8940093Z Successfully opened named pipe: /podr/container/pipe/2588965616e0_sep4-server/stderr_661fdcd8e5ad4fedadc093c9b99eee29.
2026-03-23T09:42:06.8940770Z Successfully removed non-blocking flag from /podr/container/pipe/2588965616e0_sep4-server/stderr_661fdcd8e5ad4fedadc093c9b99eee29.
2026-03-23T09:42:06.8941934Z Creating container with image: appsvc/dotnetcore:8.0_20260115.4.tuxprod from registry: 10.1.0.6:13209 and fully qualified image name: 10.1.0.6:13209/appsvc/dotnetcore:8.0_20260115.4.tuxprod
2026-03-23T09:42:09.0573933Z Starting container: 2588965616e0_sep4-server.
2026-03-23T09:42:09.1966235Z Starting watchers and probes.
2026-03-23T09:42:09.1981349Z Starting metrics collection.
2026-03-23T09:42:09.1982811Z Container is running.
2026-03-23T09:42:09.1983673Z State: Starting, Action: CreatingContainer, LastError: , LastErrorTimestamp: 01/01/0001 00:00:00, LastErrorDetails: , Details: Container sep4-server successfully created and is running., DetailsLevel: INFO
2026-03-23T09:42:09.7224077Z Container start method finished after 6497 ms.
2026-03-23T09:42:09.7226158Z State: Starting, Action: InitiatingSiteWarmUpProbe, LastError: , LastErrorTimestamp: 01/01/0001 00:00:00, LastErrorDetails: , Details: Container sep4-server successfully created and is running., DetailsLevel: INFO
2026-03-23T09:42:09.7226369Z State: Starting, Action: WaitingForSiteWarmUpProbeSuccess, LastError: , LastErrorTimestamp: 01/01/0001 00:00:00, LastErrorDetails: , Details: Pinging warmup path to ensure container is ready to receive requests., DetailsLevel: INFO
2026-03-23T09:43:12.3471383Z Site startup probe succeeded after 62.6050451 seconds.
2026-03-23T09:43:12.6576445Z State: Starting, Action: WarmUpProbeSucceeded, LastError: , LastErrorTimestamp: 01/01/0001 00:00:00, LastErrorDetails: , Details: Site startup probe succeeded after 62.6050451 seconds., DetailsLevel: INFO
2026-03-23T09:43:12.7498444Z Site is running with deployment version: 298fef49-4863-4e4a-9b9c-5b0dbe8b9284
2026-03-23T09:43:12.7509254Z Site started.
2026-03-23T09:43:12.7510765Z State: Started, Action: None, LastError: , LastErrorTimestamp: 01/01/0001 00:00:00, LastErrorDetails: , Details: Site started at 03/23/2026 09:43:12 (UTC), DetailsLevel: INFO
2026-03-23T09:43:12.7594552Z Site is running with patch version DOTNETCORE 8.0.23
2026-03-23T09:43:32.8380473Z State: Stopping, Action: StoppingSite, LastError: SiteStartupCancelled, LastErrorTimestamp: 03/23/2026 09:36:39, LastErrorDetails: , Details: Site started at 03/23/2026 09:41:31 (UTC), DetailsLevel: INFO
2026-03-23T09:43:32.8466935Z State: Stopping, Action: StoppingSiteContainers, LastError: SiteStartupCancelled, LastErrorTimestamp: 03/23/2026 09:36:39, LastErrorDetails: , Details: Site started at 03/23/2026 09:41:31 (UTC), DetailsLevel: INFO
2026-03-23T09:43:32.8470953Z Container is terminating. Grace period: 5 seconds.
2026-03-23T09:43:32.9257499Z Stop and delete container. Retry count = 0
2026-03-23T09:43:32.9869877Z Stopping container: 63e86e1d93d5_sep4-server.
2026-03-23T09:43:38.6364906Z Deleting container: 63e86e1d93d5_sep4-server. Retry count = 0
2026-03-23T09:43:39.3520747Z Container spec TerminationMessagePolicy  path 
2026-03-23T09:43:39.3535386Z Container is terminated. Total time elapsed: 6505 ms.
2026-03-23T09:43:39.3537040Z Site: sep4-server stopped.
2026-03-23T09:43:41.1030516Z State: Starting, Action: EstablishingSiteNetworks, LastError: , LastErrorTimestamp: 01/01/0001 00:00:00, LastErrorDetails: , Details: , DetailsLevel: INFO
2026-03-23T09:43:44.0552903Z State: Starting, Action: StartingSiteContainers, LastError: , LastErrorTimestamp: 01/01/0001 00:00:00, LastErrorDetails: , Details: , DetailsLevel: INFO
2026-03-23T09:43:44.0554322Z Container start method called.
2026-03-23T09:43:44.0554813Z State: Starting, Action: PullingImage, LastError: , LastErrorTimestamp: 01/01/0001 00:00:00, LastErrorDetails: , Details: Pulling image 10.1.0.6:13209/appsvc/dotnetcore:8.0_20260115.4.tuxprod for sep4-server., DetailsLevel: INFO
2026-03-23T09:43:44.0555639Z Establishing network.
2026-03-23T09:43:44.0556672Z Pulling image: appsvc/dotnetcore:8.0_20260115.4.tuxprod.
2026-03-23T09:43:44.4846755Z Container is starting.
2026-03-23T09:43:44.4848322Z State: Starting, Action: MountingVolumes, LastError: , LastErrorTimestamp: 01/01/0001 00:00:00, LastErrorDetails: , Details: Mounting volumes for sep4-server., DetailsLevel: INFO
2026-03-23T09:43:44.4859521Z Establishing user namespace if not established already.
2026-03-23T09:43:44.4861159Z Establishing network if not established already.
2026-03-23T09:43:44.4862182Z Mounting volumes.
2026-03-23T09:43:44.4863509Z Nested mountpoint 
2026-03-23T09:43:44.5312764Z Nested mountpoint volatile/logs
2026-03-23T09:43:44.6075775Z Nested mountpoint 
2026-03-23T09:43:44.6084907Z Nested mountpoint 
2026-03-23T09:43:44.6188802Z Nested mountpoint 
2026-03-23T09:43:46.1175509Z State: Starting, Action: CreatingContainer, LastError: , LastErrorTimestamp: 01/01/0001 00:00:00, LastErrorDetails: , Details: Finished pulling container image and mounting volumes for sep4-server. Allocatinng the rest of the container resources to finish container creation., DetailsLevel: INFO
2026-03-23T09:43:46.1181733Z Creating container.
2026-03-23T09:43:46.1183661Z Creating pipes for streaming container io.
2026-03-23T09:43:46.1184874Z Creating stdout named pipe at /podr/container/pipe/36f3fdf3b3e7_sep4-server/stdout_2e70da83131844d7a82752ebe27fca7e.
2026-03-23T09:43:46.1186966Z Successfully created stdout named pipe at: /podr/container/pipe/36f3fdf3b3e7_sep4-server/stdout_2e70da83131844d7a82752ebe27fca7e.
2026-03-23T09:43:46.1187700Z Opening named pipe /podr/container/pipe/36f3fdf3b3e7_sep4-server/stdout_2e70da83131844d7a82752ebe27fca7e for reading in non-blocking mode.
2026-03-23T09:43:46.1189353Z Successfully opened named pipe: /podr/container/pipe/36f3fdf3b3e7_sep4-server/stdout_2e70da83131844d7a82752ebe27fca7e.
2026-03-23T09:43:46.1273022Z Successfully removed non-blocking flag from /podr/container/pipe/36f3fdf3b3e7_sep4-server/stdout_2e70da83131844d7a82752ebe27fca7e.
2026-03-23T09:43:46.1463970Z Creating stderr named pipe at /podr/container/pipe/36f3fdf3b3e7_sep4-server/stderr_cb64ca1715514629803e87834d6cfd10.
2026-03-23T09:43:46.1466421Z Successfully created stderr named pipe at: /podr/container/pipe/36f3fdf3b3e7_sep4-server/stderr_cb64ca1715514629803e87834d6cfd10.
2026-03-23T09:43:46.1467302Z Opening named pipe /podr/container/pipe/36f3fdf3b3e7_sep4-server/stderr_cb64ca1715514629803e87834d6cfd10 for reading in non-blocking mode.
2026-03-23T09:43:46.1468240Z Successfully opened named pipe: /podr/container/pipe/36f3fdf3b3e7_sep4-server/stderr_cb64ca1715514629803e87834d6cfd10.
2026-03-23T09:43:46.1468934Z Successfully removed non-blocking flag from /podr/container/pipe/36f3fdf3b3e7_sep4-server/stderr_cb64ca1715514629803e87834d6cfd10.
2026-03-23T09:43:46.1471135Z Creating container with image: appsvc/dotnetcore:8.0_20260115.4.tuxprod from registry: 10.1.0.6:13209 and fully qualified image name: 10.1.0.6:13209/appsvc/dotnetcore:8.0_20260115.4.tuxprod
2026-03-23T09:43:47.4351238Z Starting container: 36f3fdf3b3e7_sep4-server.
2026-03-23T09:43:47.5955985Z Starting watchers and probes.
2026-03-23T09:43:47.6042791Z Starting metrics collection.
2026-03-23T09:43:47.6048241Z Container is running.
2026-03-23T09:43:47.6062246Z State: Starting, Action: CreatingContainer, LastError: , LastErrorTimestamp: 01/01/0001 00:00:00, LastErrorDetails: , Details: Container sep4-server successfully created and is running., DetailsLevel: INFO
2026-03-23T09:43:47.8477432Z Container start method finished after 3792 ms.
2026-03-23T09:43:47.8978571Z State: Starting, Action: InitiatingSiteWarmUpProbe, LastError: , LastErrorTimestamp: 01/01/0001 00:00:00, LastErrorDetails: , Details: Container sep4-server successfully created and is running., DetailsLevel: INFO
2026-03-23T09:43:47.9777500Z State: Starting, Action: WaitingForSiteWarmUpProbeSuccess, LastError: , LastErrorTimestamp: 01/01/0001 00:00:00, LastErrorDetails: , Details: Pinging warmup path to ensure container is ready to receive requests., DetailsLevel: INFO
2026-03-23T09:44:26.4446249Z Site startup probe failed after 38.4403059 seconds.
2026-03-23T09:44:28.7830765Z State: Starting, Action: WaitingForSiteWarmUpProbeSuccess, LastError: ContainerTimeout, LastErrorTimestamp: 03/23/2026 09:44:28, LastErrorDetails: Container did not start within expected time limit of 230s. Please inspect your container logs for more details., Details: Pinging warmup path to ensure container is ready to receive requests., DetailsLevel: ERR
2026-03-23T09:44:29.0974917Z Failed to start site. Revert by stopping site.
2026-03-23T09:44:29.0976525Z State: Stopping, Action: StoppingSite, LastError: ContainerTimeout, LastErrorTimestamp: 03/23/2026 09:44:28, LastErrorDetails: Container did not start within expected time limit of 230s. Please inspect your container logs for more details., Details: Pinging warmup path to ensure container is ready to receive requests., DetailsLevel: ERR
2026-03-23T09:44:29.2849090Z State: Stopping, Action: StoppingSiteContainers, LastError: ContainerTimeout, LastErrorTimestamp: 03/23/2026 09:44:28, LastErrorDetails: Container did not start within expected time limit of 230s. Please inspect your container logs for more details., Details: Pinging warmup path to ensure container is ready to receive requests., DetailsLevel: ERR
2026-03-23T09:44:29.2851578Z Container is terminating. Grace period: 5 seconds.
2026-03-23T09:44:29.3120909Z Stop and delete container. Retry count = 0
2026-03-23T09:44:29.3122207Z Stopping container: 36f3fdf3b3e7_sep4-server.
2026-03-23T09:44:37.2143279Z Deleting container: 36f3fdf3b3e7_sep4-server. Retry count = 0
2026-03-23T09:44:37.9486882Z Container spec TerminationMessagePolicy  path 
2026-03-23T09:44:37.9570410Z Container is terminated. Total time elapsed: 8663 ms.
2026-03-23T09:44:37.9574963Z Site container: sep4-server terminated during site startup.
2026-03-23T09:44:37.9587773Z State: Stopping, Action: CancellingStartup, LastError: ContainerTimeout, LastErrorTimestamp: 03/23/2026 09:44:28, LastErrorDetails: Container did not start within expected time limit of 230s. Please inspect your container logs for more details., Details: Site container: sep4-server terminated during site startup. Cancelling site startup., DetailsLevel: ERR
2026-03-23T09:44:37.9977579Z Site: sep4-server stopped.
2026-03-23T09:45:00.8033651Z State: Stopping, Action: StoppingSite, LastError: SiteStartupCancelled, LastErrorTimestamp: 03/23/2026 09:36:39, LastErrorDetails: , Details: Site started at 03/23/2026 09:43:12 (UTC), DetailsLevel: INFO
2026-03-23T09:45:00.8049514Z State: Stopping, Action: StoppingSiteContainers, LastError: SiteStartupCancelled, LastErrorTimestamp: 03/23/2026 09:36:39, LastErrorDetails: , Details: Site started at 03/23/2026 09:43:12 (UTC), DetailsLevel: INFO
2026-03-23T09:45:00.8132191Z Container is terminating. Grace period: 5 seconds.
2026-03-23T09:45:00.8651576Z Stop and delete container. Retry count = 0
2026-03-23T09:45:00.8652696Z Stopping container: 2588965616e0_sep4-server.
2026-03-23T09:45:06.4186487Z Deleting container: 2588965616e0_sep4-server. Retry count = 0
2026-03-23T09:45:06.9065850Z Container spec TerminationMessagePolicy  path 
2026-03-23T09:45:06.9129203Z Container is terminated. Total time elapsed: 6093 ms.
2026-03-23T09:45:06.9130858Z Site: sep4-server stopped.
2026-03-23T09:45:28.6417083Z State: Starting, Action: EstablishingSiteNetworks, LastError: ContainerTimeout, LastErrorTimestamp: 03/23/2026 09:44:28, LastErrorDetails: Container did not start within expected time limit of 230s. Please inspect your container logs for more details., Details: Site stopped at 03/23/2026 09:44:39 (UTC), DetailsLevel: ERR
2026-03-23T09:45:31.6596424Z State: Starting, Action: StartingSiteContainers, LastError: ContainerTimeout, LastErrorTimestamp: 03/23/2026 09:44:28, LastErrorDetails: Container did not start within expected time limit of 230s. Please inspect your container logs for more details., Details: Site stopped at 03/23/2026 09:44:39 (UTC), DetailsLevel: ERR
2026-03-23T09:45:31.6597518Z Container start method called.
2026-03-23T09:45:31.6597931Z State: Starting, Action: PullingImage, LastError: ContainerTimeout, LastErrorTimestamp: 03/23/2026 09:44:28, LastErrorDetails: Container did not start within expected time limit of 230s. Please inspect your container logs for more details., Details: Pulling image 10.1.0.5:13209/appsvc/dotnetcore:8.0_20260115.4.tuxprod for sep4-server., DetailsLevel: INFO
2026-03-23T09:45:31.6598587Z Establishing network.
2026-03-23T09:45:31.6770746Z Pulling image: appsvc/dotnetcore:8.0_20260115.4.tuxprod.
2026-03-23T09:45:32.0101943Z Container is starting.
2026-03-23T09:45:32.0102839Z State: Starting, Action: MountingVolumes, LastError: ContainerTimeout, LastErrorTimestamp: 03/23/2026 09:44:28, LastErrorDetails: Container did not start within expected time limit of 230s. Please inspect your container logs for more details., Details: Mounting volumes for sep4-server., DetailsLevel: INFO
2026-03-23T09:45:32.0103603Z Establishing user namespace if not established already.
2026-03-23T09:45:32.0106042Z Establishing network if not established already.
2026-03-23T09:45:32.0107421Z Mounting volumes.
2026-03-23T09:45:32.0108656Z Nested mountpoint 
2026-03-23T09:45:32.0198712Z Nested mountpoint volatile/logs
2026-03-23T09:45:32.1558410Z Nested mountpoint 
2026-03-23T09:45:32.1863855Z Nested mountpoint 
2026-03-23T09:45:32.1944631Z Nested mountpoint 
2026-03-23T09:45:33.1899762Z State: Starting, Action: CreatingContainer, LastError: ContainerTimeout, LastErrorTimestamp: 03/23/2026 09:44:28, LastErrorDetails: Container did not start within expected time limit of 230s. Please inspect your container logs for more details., Details: Finished pulling container image and mounting volumes for sep4-server. Allocatinng the rest of the container resources to finish container creation., DetailsLevel: INFO
2026-03-23T09:45:33.1909882Z Creating container.
2026-03-23T09:45:33.1914330Z Creating pipes for streaming container io.
2026-03-23T09:45:33.2326165Z Creating stdout named pipe at /podr/container/pipe/3ca23dc556bd_sep4-server/stdout_6c2e2b32e38944bfb1b0d419a651a96d.
2026-03-23T09:45:33.2505656Z Successfully created stdout named pipe at: /podr/container/pipe/3ca23dc556bd_sep4-server/stdout_6c2e2b32e38944bfb1b0d419a651a96d.
2026-03-23T09:45:33.2510109Z Opening named pipe /podr/container/pipe/3ca23dc556bd_sep4-server/stdout_6c2e2b32e38944bfb1b0d419a651a96d for reading in non-blocking mode.
2026-03-23T09:45:33.2518433Z Successfully opened named pipe: /podr/container/pipe/3ca23dc556bd_sep4-server/stdout_6c2e2b32e38944bfb1b0d419a651a96d.
2026-03-23T09:45:33.2520929Z Successfully removed non-blocking flag from /podr/container/pipe/3ca23dc556bd_sep4-server/stdout_6c2e2b32e38944bfb1b0d419a651a96d.
2026-03-23T09:45:33.2527346Z Creating stderr named pipe at /podr/container/pipe/3ca23dc556bd_sep4-server/stderr_9e89c4d61c614d4e8dfbd9dd05376f2d.
2026-03-23T09:45:33.2615802Z Successfully created stderr named pipe at: /podr/container/pipe/3ca23dc556bd_sep4-server/stderr_9e89c4d61c614d4e8dfbd9dd05376f2d.
2026-03-23T09:45:33.2697881Z Opening named pipe /podr/container/pipe/3ca23dc556bd_sep4-server/stderr_9e89c4d61c614d4e8dfbd9dd05376f2d for reading in non-blocking mode.
2026-03-23T09:45:33.2721909Z Successfully opened named pipe: /podr/container/pipe/3ca23dc556bd_sep4-server/stderr_9e89c4d61c614d4e8dfbd9dd05376f2d.
2026-03-23T09:45:33.2887580Z Successfully removed non-blocking flag from /podr/container/pipe/3ca23dc556bd_sep4-server/stderr_9e89c4d61c614d4e8dfbd9dd05376f2d.
2026-03-23T09:45:33.2897683Z Creating container with image: appsvc/dotnetcore:8.0_20260115.4.tuxprod from registry: 10.1.0.5:13209 and fully qualified image name: 10.1.0.5:13209/appsvc/dotnetcore:8.0_20260115.4.tuxprod
2026-03-23T09:45:34.6824097Z Starting container: 3ca23dc556bd_sep4-server.
2026-03-23T09:45:34.8012036Z Starting watchers and probes.
2026-03-23T09:45:34.8017758Z Starting metrics collection.
2026-03-23T09:45:34.8109070Z Container is running.
2026-03-23T09:45:34.8122287Z State: Starting, Action: CreatingContainer, LastError: ContainerTimeout, LastErrorTimestamp: 03/23/2026 09:44:28, LastErrorDetails: Container did not start within expected time limit of 230s. Please inspect your container logs for more details., Details: Container sep4-server successfully created and is running., DetailsLevel: INFO
2026-03-23T09:45:35.1677491Z Container start method finished after 3507 ms.
2026-03-23T09:45:35.1679998Z State: Starting, Action: InitiatingSiteWarmUpProbe, LastError: ContainerTimeout, LastErrorTimestamp: 03/23/2026 09:44:28, LastErrorDetails: Container did not start within expected time limit of 230s. Please inspect your container logs for more details., Details: Container sep4-server successfully created and is running., DetailsLevel: INFO
2026-03-23T09:45:35.1680214Z State: Starting, Action: WaitingForSiteWarmUpProbeSuccess, LastError: ContainerTimeout, LastErrorTimestamp: 03/23/2026 09:44:28, LastErrorDetails: Container did not start within expected time limit of 230s. Please inspect your container logs for more details., Details: Pinging warmup path to ensure container is ready to receive requests., DetailsLevel: INFO
2026-03-23T09:46:14.4951208Z Container has finished running with exit code: 145.
2026-03-23T09:46:14.4961358Z Container is terminating. Grace period: 5 seconds.
2026-03-23T09:46:14.5043095Z Stop and delete container. Retry count = 0
2026-03-23T09:46:14.5045606Z Stopping container: 3ca23dc556bd_sep4-server.
2026-03-23T09:46:14.5738703Z Deleting container: 3ca23dc556bd_sep4-server. Retry count = 0
2026-03-23T09:46:14.9347361Z Container spec TerminationMessagePolicy  path 
2026-03-23T09:46:14.9359597Z Container is terminated. Total time elapsed: 432 ms.
2026-03-23T09:46:14.9362310Z Site container: sep4-server terminated during site startup.
2026-03-23T09:46:14.9365120Z State: Stopping, Action: CancellingStartup, LastError: ContainerTimeout, LastErrorTimestamp: 03/23/2026 09:44:28, LastErrorDetails: Container did not start within expected time limit of 230s. Please inspect your container logs for more details., Details: Site container: sep4-server terminated during site startup. Cancelling site startup., DetailsLevel: ERR
2026-03-23T09:46:15.0127474Z Site startup probe failed after 39.8252913 seconds.
2026-03-23T09:46:15.2048578Z State: Stopping, Action: CancellingStartup, LastError: ContainerTimeout, LastErrorTimestamp: 03/23/2026 09:46:15, LastErrorDetails: Container did not start within expected time limit of 230s. Please inspect your container logs for more details., Details: Site container: sep4-server terminated during site startup. Cancelling site startup., DetailsLevel: ERR
2026-03-23T09:46:15.2057688Z Failed to start site. Revert by stopping site.
2026-03-23T09:46:15.2058973Z State: Stopping, Action: StoppingSite, LastError: ContainerTimeout, LastErrorTimestamp: 03/23/2026 09:46:15, LastErrorDetails: Container did not start within expected time limit of 230s. Please inspect your container logs for more details., Details: Site container: sep4-server terminated during site startup. Cancelling site startup., DetailsLevel: ERR
2026-03-23T09:46:15.2359528Z State: Stopping, Action: StoppingSiteContainers, LastError: ContainerTimeout, LastErrorTimestamp: 03/23/2026 09:46:15, LastErrorDetails: Container did not start within expected time limit of 230s. Please inspect your container logs for more details., Details: Site container: sep4-server terminated during site startup. Cancelling site startup., DetailsLevel: ERR
2026-03-23T09:46:15.2359818Z Site: sep4-server stopped.
2026-03-23T09:46:15.2646811Z State: Stopping, Action: UnmountingVolumes, LastError: ContainerTimeout, LastErrorTimestamp: 03/23/2026 09:46:15, LastErrorDetails: Container did not start within expected time limit of 230s. Please inspect your container logs for more details., Details: Site container: sep4-server terminated during site startup. Cancelling site startup., DetailsLevel: ERR
2026-03-23T09:46:15.5820982Z State: Stopping, Action: StoppingSiteNetworks, LastError: ContainerTimeout, LastErrorTimestamp: 03/23/2026 09:46:15, LastErrorDetails: Container did not start within expected time limit of 230s. Please inspect your container logs for more details., Details: Site container: sep4-server terminated during site startup. Cancelling site startup., DetailsLevel: ERR
2026-03-23T09:46:15.8950976Z State: Stopped, Action: None, LastError: ContainerTimeout, LastErrorTimestamp: 03/23/2026 09:46:15, LastErrorDetails: Container did not start within expected time limit of 230s. Please inspect your container logs for more details., Details: Site stopped at 03/23/2026 09:46:15 (UTC), DetailsLevel: ERR
2026-03-23T09:46:16.2622805Z State: Stopped, Action: None, LastError: ContainerTimeout, LastErrorTimestamp: 03/23/2026 09:46:15, LastErrorDetails: Container did not start within expected time limit of 230s. Please inspect your container logs for more details., Details: Site stopped at 03/23/2026 09:46:15 (UTC), DetailsLevel: ERR
2026-03-23T09:50:56.1823932Z State: Starting, Action: EstablishingSiteNetworks, LastError: ContainerTimeout, LastErrorTimestamp: 03/23/2026 09:46:15, LastErrorDetails: Container did not start within expected time limit of 230s. Please inspect your container logs for more details., Details: Site stopped at 03/23/2026 09:46:15 (UTC), DetailsLevel: ERR
2026-03-23T09:50:58.9942225Z State: Starting, Action: StartingSiteContainers, LastError: ContainerTimeout, LastErrorTimestamp: 03/23/2026 09:46:15, LastErrorDetails: Container did not start within expected time limit of 230s. Please inspect your container logs for more details., Details: Site stopped at 03/23/2026 09:46:15 (UTC), DetailsLevel: ERR
2026-03-23T09:50:58.9944533Z Container start method called.
2026-03-23T09:50:58.9958876Z State: Starting, Action: PullingImage, LastError: ContainerTimeout, LastErrorTimestamp: 03/23/2026 09:46:15, LastErrorDetails: Container did not start within expected time limit of 230s. Please inspect your container logs for more details., Details: Pulling image 10.1.0.5:13209/appsvc/dotnetcore:8.0_20260115.4.tuxprod for sep4-server., DetailsLevel: INFO
2026-03-23T09:50:58.9960697Z Establishing network.
2026-03-23T09:50:58.9969769Z Pulling image: appsvc/dotnetcore:8.0_20260115.4.tuxprod.
2026-03-23T09:50:59.5908476Z Container is starting.
2026-03-23T09:50:59.5920089Z State: Starting, Action: MountingVolumes, LastError: ContainerTimeout, LastErrorTimestamp: 03/23/2026 09:46:15, LastErrorDetails: Container did not start within expected time limit of 230s. Please inspect your container logs for more details., Details: Mounting volumes for sep4-server., DetailsLevel: INFO
2026-03-23T09:50:59.5999345Z Establishing user namespace if not established already.
2026-03-23T09:50:59.6009567Z Establishing network if not established already.
2026-03-23T09:50:59.6015635Z Mounting volumes.
2026-03-23T09:50:59.6298857Z Nested mountpoint 
2026-03-23T09:50:59.6879910Z Nested mountpoint volatile/logs
2026-03-23T09:50:59.7262237Z Nested mountpoint 
2026-03-23T09:50:59.8326859Z Nested mountpoint 
2026-03-23T09:50:59.9293963Z Nested mountpoint 
2026-03-23T09:51:00.3949346Z State: Starting, Action: CreatingContainer, LastError: ContainerTimeout, LastErrorTimestamp: 03/23/2026 09:46:15, LastErrorDetails: Container did not start within expected time limit of 230s. Please inspect your container logs for more details., Details: Finished pulling container image and mounting volumes for sep4-server. Allocatinng the rest of the container resources to finish container creation., DetailsLevel: INFO
2026-03-23T09:51:00.3950858Z Creating container.
2026-03-23T09:51:00.3952047Z Creating pipes for streaming container io.
2026-03-23T09:51:00.3955567Z Creating stdout named pipe at /podr/container/pipe/489687379041_sep4-server/stdout_dd35538e59f544649a27e692352fdde8.
2026-03-23T09:51:00.3959670Z Successfully created stdout named pipe at: /podr/container/pipe/489687379041_sep4-server/stdout_dd35538e59f544649a27e692352fdde8.
2026-03-23T09:51:00.3960944Z Opening named pipe /podr/container/pipe/489687379041_sep4-server/stdout_dd35538e59f544649a27e692352fdde8 for reading in non-blocking mode.
2026-03-23T09:51:00.3962561Z Successfully opened named pipe: /podr/container/pipe/489687379041_sep4-server/stdout_dd35538e59f544649a27e692352fdde8.
2026-03-23T09:51:00.3965361Z Successfully removed non-blocking flag from /podr/container/pipe/489687379041_sep4-server/stdout_dd35538e59f544649a27e692352fdde8.
2026-03-23T09:51:00.4134552Z Creating stderr named pipe at /podr/container/pipe/489687379041_sep4-server/stderr_6a6c22f8acad444e9b1e1bdc2aeb6a48.
2026-03-23T09:51:00.4139514Z Successfully created stderr named pipe at: /podr/container/pipe/489687379041_sep4-server/stderr_6a6c22f8acad444e9b1e1bdc2aeb6a48.
2026-03-23T09:51:00.4147891Z Opening named pipe /podr/container/pipe/489687379041_sep4-server/stderr_6a6c22f8acad444e9b1e1bdc2aeb6a48 for reading in non-blocking mode.
2026-03-23T09:51:00.4151631Z Successfully opened named pipe: /podr/container/pipe/489687379041_sep4-server/stderr_6a6c22f8acad444e9b1e1bdc2aeb6a48.
2026-03-23T09:51:00.4156015Z Successfully removed non-blocking flag from /podr/container/pipe/489687379041_sep4-server/stderr_6a6c22f8acad444e9b1e1bdc2aeb6a48.
2026-03-23T09:51:00.4253281Z Creating container with image: appsvc/dotnetcore:8.0_20260115.4.tuxprod from registry: 10.1.0.5:13209 and fully qualified image name: 10.1.0.5:13209/appsvc/dotnetcore:8.0_20260115.4.tuxprod
2026-03-23T09:51:01.8739028Z Starting container: 489687379041_sep4-server.
2026-03-23T09:51:02.2000140Z Starting watchers and probes.
2026-03-23T09:51:02.2391702Z Starting metrics collection.
2026-03-23T09:51:02.2412122Z Container is running.
2026-03-23T09:51:02.2413638Z State: Starting, Action: CreatingContainer, LastError: ContainerTimeout, LastErrorTimestamp: 03/23/2026 09:46:15, LastErrorDetails: Container did not start within expected time limit of 230s. Please inspect your container logs for more details., Details: Container sep4-server successfully created and is running., DetailsLevel: INFO
2026-03-23T09:51:02.6005876Z Container start method finished after 3606 ms.
2026-03-23T09:51:02.6007597Z State: Starting, Action: InitiatingSiteWarmUpProbe, LastError: ContainerTimeout, LastErrorTimestamp: 03/23/2026 09:46:15, LastErrorDetails: Container did not start within expected time limit of 230s. Please inspect your container logs for more details., Details: Container sep4-server successfully created and is running., DetailsLevel: INFO
2026-03-23T09:51:02.6196449Z State: Starting, Action: WaitingForSiteWarmUpProbeSuccess, LastError: ContainerTimeout, LastErrorTimestamp: 03/23/2026 09:46:15, LastErrorDetails: Container did not start within expected time limit of 230s. Please inspect your container logs for more details., Details: Pinging warmup path to ensure container is ready to receive requests., DetailsLevel: INFO
2026-03-23T09:51:32.5269170Z Container has finished running with exit code: 145.
2026-03-23T09:51:32.5368910Z Container is terminating. Grace period: 5 seconds.
2026-03-23T09:51:32.5641436Z Stop and delete container. Retry count = 0
2026-03-23T09:51:32.5649223Z Stopping container: 489687379041_sep4-server.
2026-03-23T09:51:32.8249687Z Deleting container: 489687379041_sep4-server. Retry count = 0
2026-03-23T09:51:33.2066541Z Container spec TerminationMessagePolicy  path 
2026-03-23T09:51:33.2072107Z Container is terminated. Total time elapsed: 652 ms.
2026-03-23T09:51:33.2083750Z Site container: sep4-server terminated during site startup.
2026-03-23T09:51:33.2087960Z State: Stopping, Action: CancellingStartup, LastError: ContainerTimeout, LastErrorTimestamp: 03/23/2026 09:46:15, LastErrorDetails: Container did not start within expected time limit of 230s. Please inspect your container logs for more details., Details: Site container: sep4-server terminated during site startup. Cancelling site startup., DetailsLevel: ERR
2026-03-23T09:51:33.2951221Z Site startup probe failed after 30.5539858 seconds.
2026-03-23T09:51:33.5151128Z State: Stopping, Action: CancellingStartup, LastError: ContainerTimeout, LastErrorTimestamp: 03/23/2026 09:51:33, LastErrorDetails: Container did not start within expected time limit of 230s. Please inspect your container logs for more details., Details: Site container: sep4-server terminated during site startup. Cancelling site startup., DetailsLevel: ERR
2026-03-23T09:51:33.5527993Z Failed to start site. Revert by stopping site.
2026-03-23T09:51:33.5542398Z State: Stopping, Action: StoppingSite, LastError: ContainerTimeout, LastErrorTimestamp: 03/23/2026 09:51:33, LastErrorDetails: Container did not start within expected time limit of 230s. Please inspect your container logs for more details., Details: Site container: sep4-server terminated during site startup. Cancelling site startup., DetailsLevel: ERR
2026-03-23T09:51:33.5614377Z State: Stopping, Action: StoppingSiteContainers, LastError: ContainerTimeout, LastErrorTimestamp: 03/23/2026 09:51:33, LastErrorDetails: Container did not start within expected time limit of 230s. Please inspect your container logs for more details., Details: Site container: sep4-server terminated during site startup. Cancelling site startup., DetailsLevel: ERR
2026-03-23T09:51:33.5614649Z Site: sep4-server stopped.
2026-03-23T09:51:33.5812326Z State: Stopping, Action: UnmountingVolumes, LastError: ContainerTimeout, LastErrorTimestamp: 03/23/2026 09:51:33, LastErrorDetails: Container did not start within expected time limit of 230s. Please inspect your container logs for more details., Details: Site container: sep4-server terminated during site startup. Cancelling site startup., DetailsLevel: ERR
2026-03-23T09:51:34.1768214Z State: Stopping, Action: StoppingSiteNetworks, LastError: ContainerTimeout, LastErrorTimestamp: 03/23/2026 09:51:33, LastErrorDetails: Container did not start within expected time limit of 230s. Please inspect your container logs for more details., Details: Site container: sep4-server terminated during site startup. Cancelling site startup., DetailsLevel: ERR
2026-03-23T09:51:34.5103201Z Site: sep4-server will be blocked for 1 minutes till 03/23/2026 09:52:34
2026-03-23T09:51:34.5121293Z State: Blocked, Action: StoppingSiteNetworks, LastError: ContainerTimeout, LastErrorTimestamp: 03/23/2026 09:51:33, LastErrorDetails: Container did not start within expected time limit of 230s. Please inspect your container logs for more details., Details: Site: sep4-server will be blocked for 1 minutes till 03/23/2026 09:52:34, DetailsLevel: WARN
2026-03-23T09:51:34.5608820Z State: Stopped, Action: None, LastError: ContainerTimeout, LastErrorTimestamp: 03/23/2026 09:51:33, LastErrorDetails: Container did not start within expected time limit of 230s. Please inspect your container logs for more details., Details: Site stopped at 03/23/2026 09:51:34 (UTC), DetailsLevel: WARN
2026-03-23T09:51:34.8099574Z State: Stopped, Action: None, LastError: ContainerTimeout, LastErrorTimestamp: 03/23/2026 09:51:33, LastErrorDetails: Container did not start within expected time limit of 230s. Please inspect your container logs for more details., Details: Site stopped at 03/23/2026 09:51:34 (UTC), DetailsLevel: WARN
2026-03-23T09:51:42.6629916Z State: Blocked, Action: None, LastError: ContainerTimeout, LastErrorTimestamp: 03/23/2026 09:51:33, LastErrorDetails: Container did not start within expected time limit of 230s. Please inspect your container logs for more details., Details: Site is blocked due to multiple, consecutive cold start failures. Site scheduled to be unblocked at 03/23/2026 09:52:34, DetailsLevel: WARN
2026-03-23T09:51:42.6631378Z Start site prohibitted because the site is being blocked.
2026-03-23T09:52:34.5488494Z Site: sep4-server is unblocked.
2026-03-23T09:53:34.0484827Z State: Starting, Action: EstablishingSiteNetworks, LastError: ContainerTimeout, LastErrorTimestamp: 03/23/2026 09:51:33, LastErrorDetails: Container did not start within expected time limit of 230s. Please inspect your container logs for more details., Details: Site is blocked due to multiple, consecutive cold start failures. Site scheduled to be unblocked at 03/23/2026 09:52:34, DetailsLevel: WARN
2026-03-23T09:53:36.5853175Z State: Starting, Action: StartingSiteContainers, LastError: ContainerTimeout, LastErrorTimestamp: 03/23/2026 09:51:33, LastErrorDetails: Container did not start within expected time limit of 230s. Please inspect your container logs for more details., Details: Site is blocked due to multiple, consecutive cold start failures. Site scheduled to be unblocked at 03/23/2026 09:52:34, DetailsLevel: WARN
2026-03-23T09:53:36.5857385Z Container start method called.
2026-03-23T09:53:36.5933317Z State: Starting, Action: PullingImage, LastError: ContainerTimeout, LastErrorTimestamp: 03/23/2026 09:51:33, LastErrorDetails: Container did not start within expected time limit of 230s. Please inspect your container logs for more details., Details: Pulling image 10.1.0.5:13209/appsvc/dotnetcore:8.0_20260115.4.tuxprod for sep4-server., DetailsLevel: INFO
2026-03-23T09:53:36.5934981Z Establishing network.
2026-03-23T09:53:36.5936184Z Pulling image: appsvc/dotnetcore:8.0_20260115.4.tuxprod.
2026-03-23T09:53:36.9453811Z Container is starting.
2026-03-23T09:53:36.9460230Z State: Starting, Action: MountingVolumes, LastError: ContainerTimeout, LastErrorTimestamp: 03/23/2026 09:51:33, LastErrorDetails: Container did not start within expected time limit of 230s. Please inspect your container logs for more details., Details: Mounting volumes for sep4-server., DetailsLevel: INFO
2026-03-23T09:53:36.9514910Z Establishing user namespace if not established already.
2026-03-23T09:53:36.9527848Z Establishing network if not established already.
2026-03-23T09:53:36.9530517Z Mounting volumes.
2026-03-23T09:53:36.9534008Z Nested mountpoint 
2026-03-23T09:53:37.0229316Z Nested mountpoint volatile/logs
2026-03-23T09:53:37.0423504Z Nested mountpoint 
2026-03-23T09:53:37.0429953Z Nested mountpoint 
2026-03-23T09:53:37.1555982Z Nested mountpoint 
2026-03-23T09:53:37.5465150Z State: Starting, Action: CreatingContainer, LastError: ContainerTimeout, LastErrorTimestamp: 03/23/2026 09:51:33, LastErrorDetails: Container did not start within expected time limit of 230s. Please inspect your container logs for more details., Details: Finished pulling container image and mounting volumes for sep4-server. Allocatinng the rest of the container resources to finish container creation., DetailsLevel: INFO
2026-03-23T09:53:37.5470457Z Creating container.
2026-03-23T09:53:37.5473592Z Creating pipes for streaming container io.
2026-03-23T09:53:37.5581010Z Creating stdout named pipe at /podr/container/pipe/a4a61cc6f197_sep4-server/stdout_9b808e9f8a534c318bcec960208e6ef1.
2026-03-23T09:53:37.5657155Z Successfully created stdout named pipe at: /podr/container/pipe/a4a61cc6f197_sep4-server/stdout_9b808e9f8a534c318bcec960208e6ef1.
2026-03-23T09:53:37.5658486Z Opening named pipe /podr/container/pipe/a4a61cc6f197_sep4-server/stdout_9b808e9f8a534c318bcec960208e6ef1 for reading in non-blocking mode.
2026-03-23T09:53:37.5659695Z Successfully opened named pipe: /podr/container/pipe/a4a61cc6f197_sep4-server/stdout_9b808e9f8a534c318bcec960208e6ef1.
2026-03-23T09:53:37.5660468Z Successfully removed non-blocking flag from /podr/container/pipe/a4a61cc6f197_sep4-server/stdout_9b808e9f8a534c318bcec960208e6ef1.
2026-03-23T09:53:37.5667444Z Creating stderr named pipe at /podr/container/pipe/a4a61cc6f197_sep4-server/stderr_7cac788dfe9d45b0bcfcd28a1643cff0.
2026-03-23T09:53:37.5668840Z Successfully created stderr named pipe at: /podr/container/pipe/a4a61cc6f197_sep4-server/stderr_7cac788dfe9d45b0bcfcd28a1643cff0.
2026-03-23T09:53:37.5669539Z Opening named pipe /podr/container/pipe/a4a61cc6f197_sep4-server/stderr_7cac788dfe9d45b0bcfcd28a1643cff0 for reading in non-blocking mode.
2026-03-23T09:53:37.5670477Z Successfully opened named pipe: /podr/container/pipe/a4a61cc6f197_sep4-server/stderr_7cac788dfe9d45b0bcfcd28a1643cff0.
2026-03-23T09:53:37.5671193Z Successfully removed non-blocking flag from /podr/container/pipe/a4a61cc6f197_sep4-server/stderr_7cac788dfe9d45b0bcfcd28a1643cff0.
2026-03-23T09:53:37.5672265Z Creating container with image: appsvc/dotnetcore:8.0_20260115.4.tuxprod from registry: 10.1.0.5:13209 and fully qualified image name: 10.1.0.5:13209/appsvc/dotnetcore:8.0_20260115.4.tuxprod
2026-03-23T09:53:38.6721711Z Starting container: a4a61cc6f197_sep4-server.
2026-03-23T09:53:38.9596516Z Starting watchers and probes.
2026-03-23T09:53:38.9613744Z Starting metrics collection.
2026-03-23T09:53:38.9903624Z Container is running.
2026-03-23T09:53:38.9983829Z State: Starting, Action: CreatingContainer, LastError: ContainerTimeout, LastErrorTimestamp: 03/23/2026 09:51:33, LastErrorDetails: Container did not start within expected time limit of 230s. Please inspect your container logs for more details., Details: Container sep4-server successfully created and is running., DetailsLevel: INFO
2026-03-23T09:53:39.4865884Z Container start method finished after 2900 ms.
2026-03-23T09:53:39.4868231Z State: Starting, Action: InitiatingSiteWarmUpProbe, LastError: ContainerTimeout, LastErrorTimestamp: 03/23/2026 09:51:33, LastErrorDetails: Container did not start within expected time limit of 230s. Please inspect your container logs for more details., Details: Container sep4-server successfully created and is running., DetailsLevel: INFO
2026-03-23T09:53:39.4954269Z State: Starting, Action: WaitingForSiteWarmUpProbeSuccess, LastError: ContainerTimeout, LastErrorTimestamp: 03/23/2026 09:51:33, LastErrorDetails: Container did not start within expected time limit of 230s. Please inspect your container logs for more details., Details: Pinging warmup path to ensure container is ready to receive requests., DetailsLevel: INFO
2026-03-23T09:54:13.6117232Z Container has finished running with exit code: 145.
2026-03-23T09:54:13.6125859Z Container is terminating. Grace period: 5 seconds.
2026-03-23T09:54:13.6196323Z Stop and delete container. Retry count = 0
2026-03-23T09:54:13.6204921Z Stopping container: a4a61cc6f197_sep4-server.
2026-03-23T09:54:13.7400845Z Deleting container: a4a61cc6f197_sep4-server. Retry count = 0
2026-03-23T09:54:14.2665340Z Container spec TerminationMessagePolicy  path 
2026-03-23T09:54:14.2685995Z Container is terminated. Total time elapsed: 655 ms.
2026-03-23T09:54:14.2687816Z Site container: sep4-server terminated during site startup.
2026-03-23T09:54:14.2692119Z State: Stopping, Action: CancellingStartup, LastError: ContainerTimeout, LastErrorTimestamp: 03/23/2026 09:51:33, LastErrorDetails: Container did not start within expected time limit of 230s. Please inspect your container logs for more details., Details: Site container: sep4-server terminated during site startup. Cancelling site startup., DetailsLevel: ERR
2026-03-23T09:54:14.3244691Z Site startup probe failed after 34.818035 seconds.
2026-03-23T09:54:14.4901901Z State: Stopping, Action: CancellingStartup, LastError: ContainerTimeout, LastErrorTimestamp: 03/23/2026 09:54:14, LastErrorDetails: Container did not start within expected time limit of 230s. Please inspect your container logs for more details., Details: Site container: sep4-server terminated during site startup. Cancelling site startup., DetailsLevel: ERR
2026-03-23T09:54:14.5657393Z Failed to start site. Revert by stopping site.
2026-03-23T09:54:14.5747867Z State: Stopping, Action: StoppingSite, LastError: ContainerTimeout, LastErrorTimestamp: 03/23/2026 09:54:14, LastErrorDetails: Container did not start within expected time limit of 230s. Please inspect your container logs for more details., Details: Site container: sep4-server terminated during site startup. Cancelling site startup., DetailsLevel: ERR
2026-03-23T09:54:14.5940316Z State: Stopping, Action: StoppingSiteContainers, LastError: ContainerTimeout, LastErrorTimestamp: 03/23/2026 09:54:14, LastErrorDetails: Container did not start within expected time limit of 230s. Please inspect your container logs for more details., Details: Site container: sep4-server terminated during site startup. Cancelling site startup., DetailsLevel: ERR
2026-03-23T09:54:14.5940805Z Site: sep4-server stopped.
