2026-03-23T09:13:46.8151900Z State: Starting, Action: EstablishingSiteNetworks, LastError: , LastErrorTimestamp: 01/01/0001 00:00:00, LastErrorDetails: , Details: , DetailsLevel: INFO
2026-03-23T09:13:49.7005039Z State: Starting, Action: StartingSiteContainers, LastError: , LastErrorTimestamp: 01/01/0001 00:00:00, LastErrorDetails: , Details: , DetailsLevel: INFO
2026-03-23T09:13:49.7203936Z Container start method called.
2026-03-23T09:13:49.7484564Z State: Starting, Action: PullingImage, LastError: , LastErrorTimestamp: 01/01/0001 00:00:00, LastErrorDetails: , Details: Pulling image 10.1.0.5:13209/appsvc/dotnetcore:8.0_20260115.4.tuxprod for sep4-server., DetailsLevel: INFO
2026-03-23T09:13:49.7489204Z Establishing network.
2026-03-23T09:13:49.7503481Z Pulling image: appsvc/dotnetcore:8.0_20260115.4.tuxprod.
2026-03-23T09:13:50.1359124Z Image appsvc/dotnetcore:8.0_20260115.4.tuxprod is pulled from registry 10.1.0.5:13209
2026-03-23T09:13:50.1889789Z Container is starting.
2026-03-23T09:13:50.1955937Z State: Starting, Action: MountingVolumes, LastError: , LastErrorTimestamp: 01/01/0001 00:00:00, LastErrorDetails: , Details: Mounting volumes for sep4-server., DetailsLevel: INFO
2026-03-23T09:13:50.1965319Z Establishing user namespace if not established already.
2026-03-23T09:13:50.1974912Z Establishing network if not established already.
2026-03-23T09:13:50.1976963Z Mounting volumes.
2026-03-23T09:13:50.2211907Z Nested mountpoint 
2026-03-23T09:13:50.2826897Z Nested mountpoint volatile/logs
2026-03-23T09:13:50.3199711Z Nested mountpoint 
2026-03-23T09:13:50.3941178Z Nested mountpoint 
2026-03-23T09:13:50.4511684Z Nested mountpoint 
2026-03-23T09:13:50.8053795Z State: Starting, Action: CreatingContainer, LastError: , LastErrorTimestamp: 01/01/0001 00:00:00, LastErrorDetails: , Details: Finished pulling container image and mounting volumes for sep4-server. Allocatinng the rest of the container resources to finish container creation., DetailsLevel: INFO
2026-03-23T09:13:50.8059729Z Creating container.
2026-03-23T09:13:50.8073102Z Creating pipes for streaming container io.
2026-03-23T09:13:50.8162427Z Creating stdout named pipe at /podr/container/pipe/3db81fa7116c_sep4-server/stdout_0da07f4c91164209bd2642ea9e254f02.
2026-03-23T09:13:50.8248045Z Successfully created stdout named pipe at: /podr/container/pipe/3db81fa7116c_sep4-server/stdout_0da07f4c91164209bd2642ea9e254f02.
2026-03-23T09:13:50.8266835Z Opening named pipe /podr/container/pipe/3db81fa7116c_sep4-server/stdout_0da07f4c91164209bd2642ea9e254f02 for reading in non-blocking mode.
2026-03-23T09:13:50.8341104Z Successfully opened named pipe: /podr/container/pipe/3db81fa7116c_sep4-server/stdout_0da07f4c91164209bd2642ea9e254f02.
2026-03-23T09:13:50.8352429Z Successfully removed non-blocking flag from /podr/container/pipe/3db81fa7116c_sep4-server/stdout_0da07f4c91164209bd2642ea9e254f02.
2026-03-23T09:13:50.8373520Z Creating stderr named pipe at /podr/container/pipe/3db81fa7116c_sep4-server/stderr_f25bbad8257f4c9e98290a29ada0f0cf.
2026-03-23T09:13:50.8544627Z Successfully created stderr named pipe at: /podr/container/pipe/3db81fa7116c_sep4-server/stderr_f25bbad8257f4c9e98290a29ada0f0cf.
2026-03-23T09:13:50.8546772Z Opening named pipe /podr/container/pipe/3db81fa7116c_sep4-server/stderr_f25bbad8257f4c9e98290a29ada0f0cf for reading in non-blocking mode.
2026-03-23T09:13:50.8548117Z Successfully opened named pipe: /podr/container/pipe/3db81fa7116c_sep4-server/stderr_f25bbad8257f4c9e98290a29ada0f0cf.
2026-03-23T09:13:50.8549036Z Successfully removed non-blocking flag from /podr/container/pipe/3db81fa7116c_sep4-server/stderr_f25bbad8257f4c9e98290a29ada0f0cf.
2026-03-23T09:13:50.8846763Z Creating container with image: appsvc/dotnetcore:8.0_20260115.4.tuxprod from registry: 10.1.0.5:13209 and fully qualified image name: 10.1.0.5:13209/appsvc/dotnetcore:8.0_20260115.4.tuxprod
2026-03-23T09:13:52.5620205Z Starting container: 3db81fa7116c_sep4-server.
2026-03-23T09:13:52.9422339Z Starting watchers and probes.
2026-03-23T09:13:53.0422251Z Starting metrics collection.
2026-03-23T09:13:53.1624729Z Container is running.
2026-03-23T09:13:53.1910351Z State: Starting, Action: CreatingContainer, LastError: , LastErrorTimestamp: 01/01/0001 00:00:00, LastErrorDetails: , Details: Container sep4-server successfully created and is running., DetailsLevel: INFO
2026-03-23T09:13:54.2276641Z Container start method finished after 4506 ms.
2026-03-23T09:13:54.2283092Z State: Starting, Action: InitiatingSiteWarmUpProbe, LastError: , LastErrorTimestamp: 01/01/0001 00:00:00, LastErrorDetails: , Details: Container sep4-server successfully created and is running., DetailsLevel: INFO
2026-03-23T09:13:54.2394169Z State: Starting, Action: WaitingForSiteWarmUpProbeSuccess, LastError: , LastErrorTimestamp: 01/01/0001 00:00:00, LastErrorDetails: , Details: Pinging warmup path to ensure container is ready to receive requests., DetailsLevel: INFO
2026-03-23T09:14:33.0969833Z Site startup probe succeeded after 38.7670605 seconds.
2026-03-23T09:14:33.5470176Z State: Starting, Action: WarmUpProbeSucceeded, LastError: , LastErrorTimestamp: 01/01/0001 00:00:00, LastErrorDetails: , Details: Site startup probe succeeded after 38.7670605 seconds., DetailsLevel: INFO
2026-03-23T09:14:33.9886645Z Site started.
2026-03-23T09:14:33.9964748Z State: Started, Action: None, LastError: , LastErrorTimestamp: 01/01/0001 00:00:00, LastErrorDetails: , Details: Site started at 03/23/2026 09:14:33 (UTC), DetailsLevel: INFO
2026-03-23T09:14:35.3613836Z Site is running with patch version DOTNETCORE 8.0.23
2026-03-23T09:34:29.9782031Z State: Starting, Action: EstablishingSiteNetworks, LastError: , LastErrorTimestamp: 01/01/0001 00:00:00, LastErrorDetails: , Details: , DetailsLevel: INFO
2026-03-23T09:34:32.8155681Z State: Starting, Action: StartingSiteContainers, LastError: , LastErrorTimestamp: 01/01/0001 00:00:00, LastErrorDetails: , Details: , DetailsLevel: INFO
2026-03-23T09:34:32.8157646Z Container start method called.
2026-03-23T09:34:32.8164910Z State: Starting, Action: PullingImage, LastError: , LastErrorTimestamp: 01/01/0001 00:00:00, LastErrorDetails: , Details: Pulling image 10.1.0.6:13209/appsvc/dotnetcore:8.0_20260115.4.tuxprod for sep4-server., DetailsLevel: INFO
2026-03-23T09:34:32.8334926Z Establishing network.
2026-03-23T09:34:32.8336420Z Pulling image: appsvc/dotnetcore:8.0_20260115.4.tuxprod.
2026-03-23T09:34:33.1658430Z Container is starting.
2026-03-23T09:34:33.1772395Z State: Starting, Action: MountingVolumes, LastError: , LastErrorTimestamp: 01/01/0001 00:00:00, LastErrorDetails: , Details: Mounting volumes for sep4-server., DetailsLevel: INFO
2026-03-23T09:34:33.1857715Z Establishing user namespace if not established already.
2026-03-23T09:34:33.1870222Z Establishing network if not established already.
2026-03-23T09:34:33.1951801Z Mounting volumes.
2026-03-23T09:34:33.1963394Z Nested mountpoint 
2026-03-23T09:34:33.2460605Z Nested mountpoint volatile/logs
2026-03-23T09:34:33.2951872Z Nested mountpoint 
2026-03-23T09:34:33.3245799Z Nested mountpoint 
2026-03-23T09:34:33.3815586Z Nested mountpoint 
2026-03-23T09:34:33.8838423Z State: Starting, Action: CreatingContainer, LastError: , LastErrorTimestamp: 01/01/0001 00:00:00, LastErrorDetails: , Details: Finished pulling container image and mounting volumes for sep4-server. Allocatinng the rest of the container resources to finish container creation., DetailsLevel: INFO
2026-03-23T09:34:33.8841752Z Creating container.
2026-03-23T09:34:33.8843046Z Creating pipes for streaming container io.
2026-03-23T09:34:33.8844478Z Creating stdout named pipe at /podr/container/pipe/74fc6663e8e5_sep4-server/stdout_3651d78956954a33944338d78b859f8d.
2026-03-23T09:34:33.8848397Z Successfully created stdout named pipe at: /podr/container/pipe/74fc6663e8e5_sep4-server/stdout_3651d78956954a33944338d78b859f8d.
2026-03-23T09:34:33.8936530Z Opening named pipe /podr/container/pipe/74fc6663e8e5_sep4-server/stdout_3651d78956954a33944338d78b859f8d for reading in non-blocking mode.
2026-03-23T09:34:33.8940201Z Successfully opened named pipe: /podr/container/pipe/74fc6663e8e5_sep4-server/stdout_3651d78956954a33944338d78b859f8d.
2026-03-23T09:34:33.8943256Z Successfully removed non-blocking flag from /podr/container/pipe/74fc6663e8e5_sep4-server/stdout_3651d78956954a33944338d78b859f8d.
2026-03-23T09:34:33.8949015Z Creating stderr named pipe at /podr/container/pipe/74fc6663e8e5_sep4-server/stderr_a31e966569c84edfbad2bd9a88b31f14.
2026-03-23T09:34:33.8950908Z Successfully created stderr named pipe at: /podr/container/pipe/74fc6663e8e5_sep4-server/stderr_a31e966569c84edfbad2bd9a88b31f14.
2026-03-23T09:34:33.8951920Z Opening named pipe /podr/container/pipe/74fc6663e8e5_sep4-server/stderr_a31e966569c84edfbad2bd9a88b31f14 for reading in non-blocking mode.
2026-03-23T09:34:33.8952935Z Successfully opened named pipe: /podr/container/pipe/74fc6663e8e5_sep4-server/stderr_a31e966569c84edfbad2bd9a88b31f14.
2026-03-23T09:34:33.8953734Z Successfully removed non-blocking flag from /podr/container/pipe/74fc6663e8e5_sep4-server/stderr_a31e966569c84edfbad2bd9a88b31f14.
2026-03-23T09:34:33.9040432Z Creating container with image: appsvc/dotnetcore:8.0_20260115.4.tuxprod from registry: 10.1.0.6:13209 and fully qualified image name: 10.1.0.6:13209/appsvc/dotnetcore:8.0_20260115.4.tuxprod
2026-03-23T09:34:35.3406470Z Starting container: 74fc6663e8e5_sep4-server.
2026-03-23T09:34:35.5049734Z Starting watchers and probes.
2026-03-23T09:34:35.5057467Z Starting metrics collection.
2026-03-23T09:34:35.5139536Z Container is running.
2026-03-23T09:34:35.5142517Z State: Starting, Action: CreatingContainer, LastError: , LastErrorTimestamp: 01/01/0001 00:00:00, LastErrorDetails: , Details: Container sep4-server successfully created and is running., DetailsLevel: INFO
2026-03-23T09:34:36.1059008Z Container start method finished after 3289 ms.
2026-03-23T09:34:36.1853044Z State: Starting, Action: InitiatingSiteWarmUpProbe, LastError: , LastErrorTimestamp: 01/01/0001 00:00:00, LastErrorDetails: , Details: Container sep4-server successfully created and is running., DetailsLevel: INFO
2026-03-23T09:34:36.1853366Z State: Starting, Action: WaitingForSiteWarmUpProbeSuccess, LastError: , LastErrorTimestamp: 01/01/0001 00:00:00, LastErrorDetails: , Details: Pinging warmup path to ensure container is ready to receive requests., DetailsLevel: INFO
2026-03-23T09:35:26.8087301Z Site startup probe succeeded after 50.5835795 seconds.
2026-03-23T09:35:27.2678396Z State: Starting, Action: WarmUpProbeSucceeded, LastError: , LastErrorTimestamp: 01/01/0001 00:00:00, LastErrorDetails: , Details: Site startup probe succeeded after 50.5835795 seconds., DetailsLevel: INFO
2026-03-23T09:35:27.4361389Z Site is running with deployment version: 96d1b3a4-0f20-43b2-a65b-a52a0efcdd5e
2026-03-23T09:35:27.4460291Z Site started.
2026-03-23T09:35:27.4466650Z State: Started, Action: None, LastError: , LastErrorTimestamp: 01/01/0001 00:00:00, LastErrorDetails: , Details: Site started at 03/23/2026 09:35:27 (UTC), DetailsLevel: INFO
2026-03-23T09:35:27.4648466Z Site is running with patch version DOTNETCORE 8.0.23
2026-03-23T09:35:47.7585639Z State: Stopping, Action: StoppingSite, LastError: , LastErrorTimestamp: 01/01/0001 00:00:00, LastErrorDetails: , Details: Site started at 03/23/2026 09:14:33 (UTC), DetailsLevel: INFO
2026-03-23T09:35:47.8289177Z State: Stopping, Action: StoppingSiteContainers, LastError: , LastErrorTimestamp: 01/01/0001 00:00:00, LastErrorDetails: , Details: Site started at 03/23/2026 09:14:33 (UTC), DetailsLevel: INFO
2026-03-23T09:35:47.8581969Z Container is terminating. Grace period: 5 seconds.
2026-03-23T09:35:48.0821057Z Stop and delete container. Retry count = 0
2026-03-23T09:35:48.1005553Z Stopping container: 3db81fa7116c_sep4-server.
2026-03-23T09:35:53.8071755Z Deleting container: 3db81fa7116c_sep4-server. Retry count = 0
2026-03-23T09:35:54.2855963Z Container spec TerminationMessagePolicy  path 
2026-03-23T09:35:54.2947441Z Container is terminated. Total time elapsed: 6433 ms.
2026-03-23T09:35:54.3211615Z Site: sep4-server stopped.
2026-03-23T09:36:28.8200627Z State: Starting, Action: EstablishingSiteNetworks, LastError: , LastErrorTimestamp: 01/01/0001 00:00:00, LastErrorDetails: , Details: , DetailsLevel: INFO
2026-03-23T09:36:32.5023594Z State: Starting, Action: StartingSiteContainers, LastError: , LastErrorTimestamp: 01/01/0001 00:00:00, LastErrorDetails: , Details: , DetailsLevel: INFO
2026-03-23T09:36:32.5024745Z Container start method called.
2026-03-23T09:36:32.5119280Z State: Starting, Action: PullingImage, LastError: , LastErrorTimestamp: 01/01/0001 00:00:00, LastErrorDetails: , Details: Pulling image 10.1.0.5:13209/appsvc/dotnetcore:8.0_20260115.4.tuxprod for sep4-server., DetailsLevel: INFO
2026-03-23T09:36:32.5121887Z Establishing network.
2026-03-23T09:36:32.5123940Z Pulling image: appsvc/dotnetcore:8.0_20260115.4.tuxprod.
2026-03-23T09:36:34.1708121Z Container is starting.
2026-03-23T09:36:34.4005207Z State: Starting, Action: MountingVolumes, LastError: , LastErrorTimestamp: 01/01/0001 00:00:00, LastErrorDetails: , Details: Mounting volumes for sep4-server., DetailsLevel: INFO
2026-03-23T09:36:34.4225005Z Establishing user namespace if not established already.
2026-03-23T09:36:34.4226951Z Establishing network if not established already.
2026-03-23T09:36:34.4228064Z Mounting volumes.
2026-03-23T09:36:34.4231289Z Nested mountpoint 
2026-03-23T09:36:34.5862908Z Nested mountpoint volatile/logs
2026-03-23T09:36:34.7407981Z Nested mountpoint 
2026-03-23T09:36:34.7416490Z Nested mountpoint 
2026-03-23T09:36:34.9122974Z Nested mountpoint 
2026-03-23T09:36:38.6844790Z Volume: DiagnosticServer cannot be mounted at /diagServer during container: sep4-server startup. The volume mount is required. Terminate.
2026-03-23T09:36:38.6867268Z Container start up interrupted. Revert by terminate.
2026-03-23T09:36:38.6868647Z Container is terminating. Grace period: 5 seconds.
2026-03-23T09:36:38.6960420Z Container spec TerminationMessagePolicy  path 
2026-03-23T09:36:38.6961953Z Container is terminated. Total time elapsed: 9 ms.
2026-03-23T09:36:38.6962912Z Site container: sep4-server terminated during site startup.
2026-03-23T09:36:38.7272646Z State: Stopping, Action: CancellingStartup, LastError: , LastErrorTimestamp: 01/01/0001 00:00:00, LastErrorDetails: , Details: Site container: sep4-server terminated during site startup. Cancelling site startup., DetailsLevel: ERR
2026-03-23T09:36:39.1165240Z State: Stopping, Action: CancellingStartup, LastError: SiteStartupCancelled, LastErrorTimestamp: 03/23/2026 09:36:39, LastErrorDetails: , Details: Site container: sep4-server terminated during site startup. Cancelling site startup., DetailsLevel: WARN
2026-03-23T09:36:39.2485461Z Site container: sep4-server terminated. Stopping the entire site.
2026-03-23T09:36:39.2487391Z State: Stopping, Action: StoppingSite, LastError: SiteStartupCancelled, LastErrorTimestamp: 03/23/2026 09:36:39, LastErrorDetails: , Details: Site container: sep4-server terminated during site startup. Cancelling site startup., DetailsLevel: WARN
2026-03-23T09:36:39.2490090Z State: Stopping, Action: StoppingSiteContainers, LastError: SiteStartupCancelled, LastErrorTimestamp: 03/23/2026 09:36:39, LastErrorDetails: , Details: Site container: sep4-server terminated during site startup. Cancelling site startup., DetailsLevel: WARN
2026-03-23T09:36:39.2490290Z Site: sep4-server stopped.
2026-03-23T09:36:59.4498198Z State: Stopping, Action: StoppingSite, LastError: , LastErrorTimestamp: 01/01/0001 00:00:00, LastErrorDetails: , Details: Site started at 03/23/2026 09:35:27 (UTC), DetailsLevel: INFO
2026-03-23T09:36:59.4511460Z State: Stopping, Action: StoppingSiteContainers, LastError: , LastErrorTimestamp: 01/01/0001 00:00:00, LastErrorDetails: , Details: Site started at 03/23/2026 09:35:27 (UTC), DetailsLevel: INFO
2026-03-23T09:36:59.4515495Z Container is terminating. Grace period: 5 seconds.
2026-03-23T09:36:59.4617056Z Stop and delete container. Retry count = 0
2026-03-23T09:36:59.4620158Z Stopping container: 74fc6663e8e5_sep4-server.
2026-03-23T09:37:05.4031313Z Deleting container: 74fc6663e8e5_sep4-server. Retry count = 0
2026-03-23T09:37:05.7537538Z Container spec TerminationMessagePolicy  path 
2026-03-23T09:37:05.7550849Z Container is terminated. Total time elapsed: 6302 ms.
2026-03-23T09:37:05.7552573Z Site: sep4-server stopped.
2026-03-23T09:37:26.4604549Z State: Starting, Action: EstablishingSiteNetworks, LastError: SiteStartupCancelled, LastErrorTimestamp: 03/23/2026 09:36:39, LastErrorDetails: , Details: Site stopped at 03/23/2026 09:36:40 (UTC), DetailsLevel: WARN
2026-03-23T09:37:28.3217121Z State: Starting, Action: StartingSiteContainers, LastError: SiteStartupCancelled, LastErrorTimestamp: 03/23/2026 09:36:39, LastErrorDetails: , Details: Site stopped at 03/23/2026 09:36:40 (UTC), DetailsLevel: WARN
2026-03-23T09:37:28.3220843Z Container start method called.
2026-03-23T09:37:28.3223980Z State: Starting, Action: PullingImage, LastError: SiteStartupCancelled, LastErrorTimestamp: 03/23/2026 09:36:39, LastErrorDetails: , Details: Pulling image 10.1.0.5:13209/appsvc/dotnetcore:8.0_20260115.4.tuxprod for sep4-server., DetailsLevel: INFO
2026-03-23T09:37:28.3424119Z Establishing network.
2026-03-23T09:37:28.3426293Z Pulling image: appsvc/dotnetcore:8.0_20260115.4.tuxprod.
2026-03-23T09:37:28.6011883Z Container is starting.
2026-03-23T09:37:28.6013342Z State: Starting, Action: MountingVolumes, LastError: SiteStartupCancelled, LastErrorTimestamp: 03/23/2026 09:36:39, LastErrorDetails: , Details: Mounting volumes for sep4-server., DetailsLevel: INFO
2026-03-23T09:37:28.6014414Z Establishing user namespace if not established already.
2026-03-23T09:37:28.6015416Z Establishing network if not established already.
2026-03-23T09:37:28.6017593Z Mounting volumes.
2026-03-23T09:37:28.6019493Z Nested mountpoint 
2026-03-23T09:37:28.6128825Z Nested mountpoint volatile/logs
2026-03-23T09:37:28.6492964Z Nested mountpoint 
2026-03-23T09:37:28.6802061Z Nested mountpoint 
2026-03-23T09:37:28.7098727Z Nested mountpoint 
2026-03-23T09:37:29.3802266Z State: Starting, Action: CreatingContainer, LastError: SiteStartupCancelled, LastErrorTimestamp: 03/23/2026 09:36:39, LastErrorDetails: , Details: Finished pulling container image and mounting volumes for sep4-server. Allocatinng the rest of the container resources to finish container creation., DetailsLevel: INFO
2026-03-23T09:37:29.3874237Z Creating container.
2026-03-23T09:37:29.3880341Z Creating pipes for streaming container io.
2026-03-23T09:37:29.3885172Z Creating stdout named pipe at /podr/container/pipe/f07a779a7a3a_sep4-server/stdout_2f033552718d4630a36dad1910908571.
2026-03-23T09:37:29.3892391Z Successfully created stdout named pipe at: /podr/container/pipe/f07a779a7a3a_sep4-server/stdout_2f033552718d4630a36dad1910908571.
2026-03-23T09:37:29.3895458Z Opening named pipe /podr/container/pipe/f07a779a7a3a_sep4-server/stdout_2f033552718d4630a36dad1910908571 for reading in non-blocking mode.
2026-03-23T09:37:29.3897658Z Successfully opened named pipe: /podr/container/pipe/f07a779a7a3a_sep4-server/stdout_2f033552718d4630a36dad1910908571.
2026-03-23T09:37:29.3901352Z Successfully removed non-blocking flag from /podr/container/pipe/f07a779a7a3a_sep4-server/stdout_2f033552718d4630a36dad1910908571.
2026-03-23T09:37:29.4178678Z Creating stderr named pipe at /podr/container/pipe/f07a779a7a3a_sep4-server/stderr_0f56236f700445f78db6b1bfbcb8dd40.
2026-03-23T09:37:29.4180866Z Successfully created stderr named pipe at: /podr/container/pipe/f07a779a7a3a_sep4-server/stderr_0f56236f700445f78db6b1bfbcb8dd40.
2026-03-23T09:37:29.4181625Z Opening named pipe /podr/container/pipe/f07a779a7a3a_sep4-server/stderr_0f56236f700445f78db6b1bfbcb8dd40 for reading in non-blocking mode.
2026-03-23T09:37:29.4182529Z Successfully opened named pipe: /podr/container/pipe/f07a779a7a3a_sep4-server/stderr_0f56236f700445f78db6b1bfbcb8dd40.
2026-03-23T09:37:29.4183295Z Successfully removed non-blocking flag from /podr/container/pipe/f07a779a7a3a_sep4-server/stderr_0f56236f700445f78db6b1bfbcb8dd40.
2026-03-23T09:37:29.4185755Z Creating container with image: appsvc/dotnetcore:8.0_20260115.4.tuxprod from registry: 10.1.0.5:13209 and fully qualified image name: 10.1.0.5:13209/appsvc/dotnetcore:8.0_20260115.4.tuxprod
2026-03-23T09:37:30.0252576Z Starting container: f07a779a7a3a_sep4-server.
2026-03-23T09:37:30.1095980Z Starting watchers and probes.
2026-03-23T09:37:30.1180654Z Starting metrics collection.
2026-03-23T09:37:30.1197197Z Container is running.
2026-03-23T09:37:30.1286969Z State: Starting, Action: CreatingContainer, LastError: SiteStartupCancelled, LastErrorTimestamp: 03/23/2026 09:36:39, LastErrorDetails: , Details: Container sep4-server successfully created and is running., DetailsLevel: INFO
2026-03-23T09:37:30.3833084Z Container start method finished after 2060 ms.
2026-03-23T09:37:30.3838649Z State: Starting, Action: InitiatingSiteWarmUpProbe, LastError: SiteStartupCancelled, LastErrorTimestamp: 03/23/2026 09:36:39, LastErrorDetails: , Details: Container sep4-server successfully created and is running., DetailsLevel: INFO
2026-03-23T09:37:30.3839351Z State: Starting, Action: WaitingForSiteWarmUpProbeSuccess, LastError: SiteStartupCancelled, LastErrorTimestamp: 03/23/2026 09:36:39, LastErrorDetails: , Details: Pinging warmup path to ensure container is ready to receive requests., DetailsLevel: INFO
2026-03-23T09:38:03.5877562Z Site startup probe succeeded after 33.2016999 seconds.
2026-03-23T09:38:03.9540680Z State: Starting, Action: WarmUpProbeSucceeded, LastError: SiteStartupCancelled, LastErrorTimestamp: 03/23/2026 09:36:39, LastErrorDetails: , Details: Site startup probe succeeded after 33.2016999 seconds., DetailsLevel: INFO
2026-03-23T09:38:04.1452029Z Site is running with deployment version: 96d1b3a4-0f20-43b2-a65b-a52a0efcdd5e
2026-03-23T09:38:04.1459127Z Site started.
2026-03-23T09:38:04.1462849Z State: Started, Action: None, LastError: SiteStartupCancelled, LastErrorTimestamp: 03/23/2026 09:36:39, LastErrorDetails: , Details: Site started at 03/23/2026 09:38:04 (UTC), DetailsLevel: INFO
2026-03-23T09:38:04.1765570Z Site is running with patch version DOTNETCORE 8.0.23
